2022-03-01 10:45:01 INFO  Log:22 - This is beforeSuite Method
2022-03-01 10:45:05 DEBUG InternalLoggerFactory:89 - Using Log4J as the default logging framework
2022-03-01 10:45:05 DEBUG ResourceLeakDetector:129 - -Dio.netty.leakDetection.level: simple
2022-03-01 10:45:05 DEBUG ResourceLeakDetector:130 - -Dio.netty.leakDetection.targetRecords: 4
2022-03-01 10:45:05 DEBUG ResourceLeakDetectorFactory:196 - Loaded default ResourceLeakDetector: io.netty.util.ResourceLeakDetector@492fc69e
2022-03-01 10:45:05 DEBUG PlatformDependent0:460 - -Dio.netty.noUnsafe: false
2022-03-01 10:45:05 DEBUG PlatformDependent0:954 - Java version: 17
2022-03-01 10:45:05 DEBUG PlatformDependent0:135 - sun.misc.Unsafe.theUnsafe: available
2022-03-01 10:45:05 DEBUG PlatformDependent0:159 - sun.misc.Unsafe.copyMemory: available
2022-03-01 10:45:05 DEBUG PlatformDependent0:202 - java.nio.Buffer.address: available
2022-03-01 10:45:05 DEBUG PlatformDependent0:285 - direct buffer constructor: unavailable: Reflective setAccessible(true) disabled
2022-03-01 10:45:05 DEBUG PlatformDependent0:350 - java.nio.Bits.unaligned: available, true
2022-03-01 10:45:05 DEBUG PlatformDependent0:417 - jdk.internal.misc.Unsafe.allocateUninitializedArray(int): unavailable: class io.netty.util.internal.PlatformDependent0$6 cannot access class jdk.internal.misc.Unsafe (in module java.base) because module java.base does not export jdk.internal.misc to unnamed module @11028347
2022-03-01 10:45:05 DEBUG PlatformDependent0:446 - java.nio.DirectByteBuffer.<init>(long, int): unavailable
2022-03-01 10:45:05 DEBUG PlatformDependent:1103 - sun.misc.Unsafe: available
2022-03-01 10:45:05 DEBUG PlatformDependent:1205 - maxDirectMemory: 2648702976 bytes (maybe)
2022-03-01 10:45:05 DEBUG PlatformDependent:1224 - -Dio.netty.tmpdir: C:\Users\kulth\AppData\Local\Temp (java.io.tmpdir)
2022-03-01 10:45:05 DEBUG PlatformDependent:1303 - -Dio.netty.bitMode: 64 (sun.arch.data.model)
2022-03-01 10:45:05 DEBUG PlatformDependent:1063 - Platform: Windows
2022-03-01 10:45:05 DEBUG PlatformDependent:178 - -Dio.netty.maxDirectMemory: -1 bytes
2022-03-01 10:45:05 DEBUG PlatformDependent:185 - -Dio.netty.uninitializedArrayAllocationThreshold: -1
2022-03-01 10:45:05 DEBUG CleanerJava9:71 - java.nio.ByteBuffer.cleaner(): available
2022-03-01 10:45:05 DEBUG PlatformDependent:205 - -Dio.netty.noPreferDirect: false
2022-03-01 10:45:05 DEBUG PlatformDependent:967 - org.jctools-core.MpscChunkedArrayQueue: available
2022-03-01 10:45:05 DEBUG InternalThreadLocalMap:83 - -Dio.netty.threadLocalMap.stringBuilder.initialSize: 1024
2022-03-01 10:45:05 DEBUG InternalThreadLocalMap:86 - -Dio.netty.threadLocalMap.stringBuilder.maxSize: 4096
2022-03-01 10:45:05 DEBUG JdkSslContext:97 - Default protocols (JDK): [TLSv1.3, TLSv1.2] 
2022-03-01 10:45:05 DEBUG JdkSslContext:98 - Default cipher suites (JDK): [TLS_ECDHE_ECDSA_WITH_AES_256_GCM_SHA384, TLS_ECDHE_ECDSA_WITH_AES_128_GCM_SHA256, TLS_ECDHE_RSA_WITH_AES_128_GCM_SHA256, TLS_ECDHE_RSA_WITH_AES_256_GCM_SHA384, TLS_ECDHE_RSA_WITH_AES_128_CBC_SHA, TLS_ECDHE_RSA_WITH_AES_256_CBC_SHA, TLS_RSA_WITH_AES_128_GCM_SHA256, TLS_RSA_WITH_AES_128_CBC_SHA, TLS_RSA_WITH_AES_256_CBC_SHA, TLS_AES_128_GCM_SHA256, TLS_AES_256_GCM_SHA384]
2022-03-01 10:45:05 DEBUG MultithreadEventLoopGroup:44 - -Dio.netty.eventLoopThreads: 16
2022-03-01 10:45:05 DEBUG NioEventLoop:106 - -Dio.netty.noKeySetOptimization: false
2022-03-01 10:45:05 DEBUG NioEventLoop:107 - -Dio.netty.selectorAutoRebuildThreshold: 512
2022-03-01 10:45:05 DEBUG PooledByteBufAllocator:155 - -Dio.netty.allocator.numHeapArenas: 16
2022-03-01 10:45:05 DEBUG PooledByteBufAllocator:156 - -Dio.netty.allocator.numDirectArenas: 16
2022-03-01 10:45:05 DEBUG PooledByteBufAllocator:158 - -Dio.netty.allocator.pageSize: 8192
2022-03-01 10:45:05 DEBUG PooledByteBufAllocator:163 - -Dio.netty.allocator.maxOrder: 11
2022-03-01 10:45:05 DEBUG PooledByteBufAllocator:167 - -Dio.netty.allocator.chunkSize: 16777216
2022-03-01 10:45:05 DEBUG PooledByteBufAllocator:168 - -Dio.netty.allocator.smallCacheSize: 256
2022-03-01 10:45:05 DEBUG PooledByteBufAllocator:169 - -Dio.netty.allocator.normalCacheSize: 64
2022-03-01 10:45:05 DEBUG PooledByteBufAllocator:170 - -Dio.netty.allocator.maxCachedBufferCapacity: 32768
2022-03-01 10:45:05 DEBUG PooledByteBufAllocator:171 - -Dio.netty.allocator.cacheTrimInterval: 8192
2022-03-01 10:45:05 DEBUG PooledByteBufAllocator:172 - -Dio.netty.allocator.cacheTrimIntervalMillis: 0
2022-03-01 10:45:05 DEBUG PooledByteBufAllocator:173 - -Dio.netty.allocator.useCacheForAllThreads: true
2022-03-01 10:45:05 DEBUG PooledByteBufAllocator:174 - -Dio.netty.allocator.maxCachedByteBuffersPerChunk: 1023
2022-03-01 10:45:05 DEBUG ByteBufUtil:87 - -Dio.netty.allocator.type: pooled
2022-03-01 10:45:05 DEBUG ByteBufUtil:96 - -Dio.netty.threadLocalDirectBufferSize: 0
2022-03-01 10:45:05 DEBUG ByteBufUtil:99 - -Dio.netty.maxThreadLocalCharBufferSize: 16384
2022-03-01 10:45:06 DEBUG DefaultChannelId:79 - -Dio.netty.processId: 3988 (auto-detected)
2022-03-01 10:45:06 DEBUG NetUtil:135 - -Djava.net.preferIPv4Stack: false
2022-03-01 10:45:06 DEBUG NetUtil:136 - -Djava.net.preferIPv6Addresses: false
2022-03-01 10:45:06 DEBUG NetUtilInitializations:129 - Loopback interface: lo (Software Loopback Interface 1, 127.0.0.1)
2022-03-01 10:45:06 DEBUG NetUtil:187 - Failed to get SOMAXCONN from sysctl and file \proc\sys\net\core\somaxconn. Default: 200
2022-03-01 10:45:06 DEBUG DefaultChannelId:101 - -Dio.netty.machineId: 24:77:03:ff:fe:ce:31:40 (auto-detected)
2022-03-01 10:45:06 DEBUG AbstractByteBuf:63 - -Dio.netty.buffer.checkAccessible: true
2022-03-01 10:45:06 DEBUG AbstractByteBuf:64 - -Dio.netty.buffer.checkBounds: true
2022-03-01 10:45:06 DEBUG ResourceLeakDetectorFactory:196 - Loaded default ResourceLeakDetector: io.netty.util.ResourceLeakDetector@1b0ed045
2022-03-01 10:45:06 DEBUG Recycler:103 - -Dio.netty.recycler.maxCapacityPerThread: 4096
2022-03-01 10:45:06 DEBUG Recycler:104 - -Dio.netty.recycler.maxSharedCapacityFactor: 2
2022-03-01 10:45:06 DEBUG Recycler:105 - -Dio.netty.recycler.linkCapacity: 16
2022-03-01 10:45:06 DEBUG Recycler:106 - -Dio.netty.recycler.ratio: 8
2022-03-01 10:45:06 DEBUG Recycler:107 - -Dio.netty.recycler.delayedQueue.ratio: 8
2022-03-01 10:45:07 DEBUG Brotli:38 - brotli4j not in the classpath; Brotli support will be unavailable.
2022-03-01 10:45:10 DEBUG ThreadLocalRandom:214 - -Dio.netty.initialSeedUniquifier: 0x9905519a54c6f1fc
2022-03-01 10:45:23 INFO  Log:22 - user is going to click on Signin
2022-03-01 10:45:25 INFO  Log:22 - Enter Username and Password
2022-03-01 10:45:25 INFO  Log:22 - Verifying if user is able to login
2022-03-01 10:45:25 INFO  Log:22 - Login is success
2022-03-01 10:45:25 INFO  Log:15 - =====================================loginTest TEST END=========================================
2022-03-01 21:05:16 INFO  Log:22 - This is beforeSuite Method
2022-03-01 21:30:47 INFO  Log:22 - This is beforeSuite Method
2022-03-01 21:31:44 INFO  Log:22 - This is beforeSuite Method
2022-03-01 21:32:14 INFO  Log:22 - This is beforeSuite Method
2022-03-01 21:33:32 INFO  Log:22 - This is beforeSuite Method
2022-03-01 21:33:33 DEBUG InternalLoggerFactory:89 - Using Log4J as the default logging framework
2022-03-01 21:33:33 DEBUG ResourceLeakDetector:129 - -Dio.netty.leakDetection.level: simple
2022-03-01 21:33:33 DEBUG ResourceLeakDetector:130 - -Dio.netty.leakDetection.targetRecords: 4
2022-03-01 21:33:33 DEBUG ResourceLeakDetectorFactory:196 - Loaded default ResourceLeakDetector: io.netty.util.ResourceLeakDetector@54336c81
2022-03-01 21:33:33 DEBUG PlatformDependent0:460 - -Dio.netty.noUnsafe: false
2022-03-01 21:33:33 DEBUG PlatformDependent0:954 - Java version: 17
2022-03-01 21:33:33 DEBUG PlatformDependent0:135 - sun.misc.Unsafe.theUnsafe: available
2022-03-01 21:33:33 DEBUG PlatformDependent0:159 - sun.misc.Unsafe.copyMemory: available
2022-03-01 21:33:33 DEBUG PlatformDependent0:202 - java.nio.Buffer.address: available
2022-03-01 21:33:33 DEBUG PlatformDependent0:285 - direct buffer constructor: unavailable: Reflective setAccessible(true) disabled
2022-03-01 21:33:33 DEBUG PlatformDependent0:350 - java.nio.Bits.unaligned: available, true
2022-03-01 21:33:33 DEBUG PlatformDependent0:417 - jdk.internal.misc.Unsafe.allocateUninitializedArray(int): unavailable: class io.netty.util.internal.PlatformDependent0$6 cannot access class jdk.internal.misc.Unsafe (in module java.base) because module java.base does not export jdk.internal.misc to unnamed module @11028347
2022-03-01 21:33:33 DEBUG PlatformDependent0:446 - java.nio.DirectByteBuffer.<init>(long, int): unavailable
2022-03-01 21:33:33 DEBUG PlatformDependent:1103 - sun.misc.Unsafe: available
2022-03-01 21:33:33 DEBUG PlatformDependent:1205 - maxDirectMemory: 2648702976 bytes (maybe)
2022-03-01 21:33:33 DEBUG PlatformDependent:1224 - -Dio.netty.tmpdir: C:\Users\kulth\AppData\Local\Temp (java.io.tmpdir)
2022-03-01 21:33:33 DEBUG PlatformDependent:1303 - -Dio.netty.bitMode: 64 (sun.arch.data.model)
2022-03-01 21:33:33 DEBUG PlatformDependent:1063 - Platform: Windows
2022-03-01 21:33:33 DEBUG PlatformDependent:178 - -Dio.netty.maxDirectMemory: -1 bytes
2022-03-01 21:33:33 DEBUG PlatformDependent:185 - -Dio.netty.uninitializedArrayAllocationThreshold: -1
2022-03-01 21:33:33 DEBUG CleanerJava9:71 - java.nio.ByteBuffer.cleaner(): available
2022-03-01 21:33:33 DEBUG PlatformDependent:205 - -Dio.netty.noPreferDirect: false
2022-03-01 21:33:33 DEBUG PlatformDependent:967 - org.jctools-core.MpscChunkedArrayQueue: available
2022-03-01 21:33:34 DEBUG InternalThreadLocalMap:83 - -Dio.netty.threadLocalMap.stringBuilder.initialSize: 1024
2022-03-01 21:33:34 DEBUG InternalThreadLocalMap:86 - -Dio.netty.threadLocalMap.stringBuilder.maxSize: 4096
2022-03-01 21:33:34 DEBUG JdkSslContext:97 - Default protocols (JDK): [TLSv1.3, TLSv1.2] 
2022-03-01 21:33:34 DEBUG JdkSslContext:98 - Default cipher suites (JDK): [TLS_ECDHE_ECDSA_WITH_AES_256_GCM_SHA384, TLS_ECDHE_ECDSA_WITH_AES_128_GCM_SHA256, TLS_ECDHE_RSA_WITH_AES_128_GCM_SHA256, TLS_ECDHE_RSA_WITH_AES_256_GCM_SHA384, TLS_ECDHE_RSA_WITH_AES_128_CBC_SHA, TLS_ECDHE_RSA_WITH_AES_256_CBC_SHA, TLS_RSA_WITH_AES_128_GCM_SHA256, TLS_RSA_WITH_AES_128_CBC_SHA, TLS_RSA_WITH_AES_256_CBC_SHA, TLS_AES_128_GCM_SHA256, TLS_AES_256_GCM_SHA384]
2022-03-01 21:33:34 DEBUG MultithreadEventLoopGroup:44 - -Dio.netty.eventLoopThreads: 16
2022-03-01 21:33:34 DEBUG NioEventLoop:106 - -Dio.netty.noKeySetOptimization: false
2022-03-01 21:33:34 DEBUG NioEventLoop:107 - -Dio.netty.selectorAutoRebuildThreshold: 512
2022-03-01 21:33:34 DEBUG PooledByteBufAllocator:155 - -Dio.netty.allocator.numHeapArenas: 16
2022-03-01 21:33:34 DEBUG PooledByteBufAllocator:156 - -Dio.netty.allocator.numDirectArenas: 16
2022-03-01 21:33:34 DEBUG PooledByteBufAllocator:158 - -Dio.netty.allocator.pageSize: 8192
2022-03-01 21:33:34 DEBUG PooledByteBufAllocator:163 - -Dio.netty.allocator.maxOrder: 11
2022-03-01 21:33:34 DEBUG PooledByteBufAllocator:167 - -Dio.netty.allocator.chunkSize: 16777216
2022-03-01 21:33:34 DEBUG PooledByteBufAllocator:168 - -Dio.netty.allocator.smallCacheSize: 256
2022-03-01 21:33:34 DEBUG PooledByteBufAllocator:169 - -Dio.netty.allocator.normalCacheSize: 64
2022-03-01 21:33:34 DEBUG PooledByteBufAllocator:170 - -Dio.netty.allocator.maxCachedBufferCapacity: 32768
2022-03-01 21:33:34 DEBUG PooledByteBufAllocator:171 - -Dio.netty.allocator.cacheTrimInterval: 8192
2022-03-01 21:33:34 DEBUG PooledByteBufAllocator:172 - -Dio.netty.allocator.cacheTrimIntervalMillis: 0
2022-03-01 21:33:34 DEBUG PooledByteBufAllocator:173 - -Dio.netty.allocator.useCacheForAllThreads: true
2022-03-01 21:33:34 DEBUG PooledByteBufAllocator:174 - -Dio.netty.allocator.maxCachedByteBuffersPerChunk: 1023
2022-03-01 21:33:34 DEBUG ByteBufUtil:87 - -Dio.netty.allocator.type: pooled
2022-03-01 21:33:34 DEBUG ByteBufUtil:96 - -Dio.netty.threadLocalDirectBufferSize: 0
2022-03-01 21:33:34 DEBUG ByteBufUtil:99 - -Dio.netty.maxThreadLocalCharBufferSize: 16384
2022-03-01 21:33:34 DEBUG DefaultChannelId:79 - -Dio.netty.processId: 12368 (auto-detected)
2022-03-01 21:33:34 DEBUG NetUtil:135 - -Djava.net.preferIPv4Stack: false
2022-03-01 21:33:34 DEBUG NetUtil:136 - -Djava.net.preferIPv6Addresses: false
2022-03-01 21:33:34 DEBUG NetUtilInitializations:129 - Loopback interface: lo (Software Loopback Interface 1, 127.0.0.1)
2022-03-01 21:33:34 DEBUG NetUtil:187 - Failed to get SOMAXCONN from sysctl and file \proc\sys\net\core\somaxconn. Default: 200
2022-03-01 21:33:34 DEBUG DefaultChannelId:101 - -Dio.netty.machineId: 24:77:03:ff:fe:ce:31:40 (auto-detected)
2022-03-01 21:33:34 DEBUG AbstractByteBuf:63 - -Dio.netty.buffer.checkAccessible: true
2022-03-01 21:33:34 DEBUG AbstractByteBuf:64 - -Dio.netty.buffer.checkBounds: true
2022-03-01 21:33:34 DEBUG ResourceLeakDetectorFactory:196 - Loaded default ResourceLeakDetector: io.netty.util.ResourceLeakDetector@2ed8892
2022-03-01 21:33:34 DEBUG Recycler:103 - -Dio.netty.recycler.maxCapacityPerThread: 4096
2022-03-01 21:33:34 DEBUG Recycler:104 - -Dio.netty.recycler.maxSharedCapacityFactor: 2
2022-03-01 21:33:34 DEBUG Recycler:105 - -Dio.netty.recycler.linkCapacity: 16
2022-03-01 21:33:34 DEBUG Recycler:106 - -Dio.netty.recycler.ratio: 8
2022-03-01 21:33:34 DEBUG Recycler:107 - -Dio.netty.recycler.delayedQueue.ratio: 8
2022-03-01 21:33:35 DEBUG Brotli:38 - brotli4j not in the classpath; Brotli support will be unavailable.
2022-03-01 21:33:35 DEBUG ThreadLocalRandom:214 - -Dio.netty.initialSeedUniquifier: 0x983303466188271e
2022-03-01 21:34:00 INFO  Log:22 - user is going to click on Signin
2022-03-01 21:34:08 INFO  Log:22 - Enter Username and Password
2022-03-01 21:34:08 INFO  Log:22 - Verifying if user is able to login
2022-03-01 21:34:08 INFO  Log:22 - Login is success
2022-03-01 21:34:08 INFO  Log:15 - =====================================loginTest TEST END=========================================
2022-03-01 21:36:35 INFO  Log:22 - This is beforeSuite Method
2022-03-01 21:36:36 DEBUG InternalLoggerFactory:89 - Using Log4J as the default logging framework
2022-03-01 21:36:36 DEBUG ResourceLeakDetector:129 - -Dio.netty.leakDetection.level: simple
2022-03-01 21:36:36 DEBUG ResourceLeakDetector:130 - -Dio.netty.leakDetection.targetRecords: 4
2022-03-01 21:36:36 DEBUG ResourceLeakDetectorFactory:196 - Loaded default ResourceLeakDetector: io.netty.util.ResourceLeakDetector@107ed6fc
2022-03-01 21:36:36 DEBUG PlatformDependent0:460 - -Dio.netty.noUnsafe: false
2022-03-01 21:36:36 DEBUG PlatformDependent0:954 - Java version: 17
2022-03-01 21:36:36 DEBUG PlatformDependent0:135 - sun.misc.Unsafe.theUnsafe: available
2022-03-01 21:36:36 DEBUG PlatformDependent0:159 - sun.misc.Unsafe.copyMemory: available
2022-03-01 21:36:36 DEBUG PlatformDependent0:202 - java.nio.Buffer.address: available
2022-03-01 21:36:36 DEBUG PlatformDependent0:285 - direct buffer constructor: unavailable: Reflective setAccessible(true) disabled
2022-03-01 21:36:36 DEBUG PlatformDependent0:350 - java.nio.Bits.unaligned: available, true
2022-03-01 21:36:36 DEBUG PlatformDependent0:417 - jdk.internal.misc.Unsafe.allocateUninitializedArray(int): unavailable: class io.netty.util.internal.PlatformDependent0$6 cannot access class jdk.internal.misc.Unsafe (in module java.base) because module java.base does not export jdk.internal.misc to unnamed module @11028347
2022-03-01 21:36:36 DEBUG PlatformDependent0:446 - java.nio.DirectByteBuffer.<init>(long, int): unavailable
2022-03-01 21:36:36 DEBUG PlatformDependent:1103 - sun.misc.Unsafe: available
2022-03-01 21:36:36 DEBUG PlatformDependent:1205 - maxDirectMemory: 2648702976 bytes (maybe)
2022-03-01 21:36:36 DEBUG PlatformDependent:1224 - -Dio.netty.tmpdir: C:\Users\kulth\AppData\Local\Temp (java.io.tmpdir)
2022-03-01 21:36:36 DEBUG PlatformDependent:1303 - -Dio.netty.bitMode: 64 (sun.arch.data.model)
2022-03-01 21:36:36 DEBUG PlatformDependent:1063 - Platform: Windows
2022-03-01 21:36:36 DEBUG PlatformDependent:178 - -Dio.netty.maxDirectMemory: -1 bytes
2022-03-01 21:36:36 DEBUG PlatformDependent:185 - -Dio.netty.uninitializedArrayAllocationThreshold: -1
2022-03-01 21:36:36 DEBUG CleanerJava9:71 - java.nio.ByteBuffer.cleaner(): available
2022-03-01 21:36:36 DEBUG PlatformDependent:205 - -Dio.netty.noPreferDirect: false
2022-03-01 21:36:36 DEBUG PlatformDependent:967 - org.jctools-core.MpscChunkedArrayQueue: available
2022-03-01 21:36:36 DEBUG InternalThreadLocalMap:83 - -Dio.netty.threadLocalMap.stringBuilder.initialSize: 1024
2022-03-01 21:36:36 DEBUG InternalThreadLocalMap:86 - -Dio.netty.threadLocalMap.stringBuilder.maxSize: 4096
2022-03-01 21:36:36 DEBUG JdkSslContext:97 - Default protocols (JDK): [TLSv1.3, TLSv1.2] 
2022-03-01 21:36:36 DEBUG JdkSslContext:98 - Default cipher suites (JDK): [TLS_ECDHE_ECDSA_WITH_AES_256_GCM_SHA384, TLS_ECDHE_ECDSA_WITH_AES_128_GCM_SHA256, TLS_ECDHE_RSA_WITH_AES_128_GCM_SHA256, TLS_ECDHE_RSA_WITH_AES_256_GCM_SHA384, TLS_ECDHE_RSA_WITH_AES_128_CBC_SHA, TLS_ECDHE_RSA_WITH_AES_256_CBC_SHA, TLS_RSA_WITH_AES_128_GCM_SHA256, TLS_RSA_WITH_AES_128_CBC_SHA, TLS_RSA_WITH_AES_256_CBC_SHA, TLS_AES_128_GCM_SHA256, TLS_AES_256_GCM_SHA384]
2022-03-01 21:36:36 DEBUG MultithreadEventLoopGroup:44 - -Dio.netty.eventLoopThreads: 16
2022-03-01 21:36:36 DEBUG NioEventLoop:106 - -Dio.netty.noKeySetOptimization: false
2022-03-01 21:36:36 DEBUG NioEventLoop:107 - -Dio.netty.selectorAutoRebuildThreshold: 512
2022-03-01 21:36:36 DEBUG PooledByteBufAllocator:155 - -Dio.netty.allocator.numHeapArenas: 16
2022-03-01 21:36:36 DEBUG PooledByteBufAllocator:156 - -Dio.netty.allocator.numDirectArenas: 16
2022-03-01 21:36:36 DEBUG PooledByteBufAllocator:158 - -Dio.netty.allocator.pageSize: 8192
2022-03-01 21:36:36 DEBUG PooledByteBufAllocator:163 - -Dio.netty.allocator.maxOrder: 11
2022-03-01 21:36:36 DEBUG PooledByteBufAllocator:167 - -Dio.netty.allocator.chunkSize: 16777216
2022-03-01 21:36:36 DEBUG PooledByteBufAllocator:168 - -Dio.netty.allocator.smallCacheSize: 256
2022-03-01 21:36:36 DEBUG PooledByteBufAllocator:169 - -Dio.netty.allocator.normalCacheSize: 64
2022-03-01 21:36:36 DEBUG PooledByteBufAllocator:170 - -Dio.netty.allocator.maxCachedBufferCapacity: 32768
2022-03-01 21:36:36 DEBUG PooledByteBufAllocator:171 - -Dio.netty.allocator.cacheTrimInterval: 8192
2022-03-01 21:36:36 DEBUG PooledByteBufAllocator:172 - -Dio.netty.allocator.cacheTrimIntervalMillis: 0
2022-03-01 21:36:36 DEBUG PooledByteBufAllocator:173 - -Dio.netty.allocator.useCacheForAllThreads: true
2022-03-01 21:36:36 DEBUG PooledByteBufAllocator:174 - -Dio.netty.allocator.maxCachedByteBuffersPerChunk: 1023
2022-03-01 21:36:36 DEBUG ByteBufUtil:87 - -Dio.netty.allocator.type: pooled
2022-03-01 21:36:36 DEBUG ByteBufUtil:96 - -Dio.netty.threadLocalDirectBufferSize: 0
2022-03-01 21:36:36 DEBUG ByteBufUtil:99 - -Dio.netty.maxThreadLocalCharBufferSize: 16384
2022-03-01 21:36:37 DEBUG DefaultChannelId:79 - -Dio.netty.processId: 10328 (auto-detected)
2022-03-01 21:36:37 DEBUG NetUtil:135 - -Djava.net.preferIPv4Stack: false
2022-03-01 21:36:37 DEBUG NetUtil:136 - -Djava.net.preferIPv6Addresses: false
2022-03-01 21:36:37 DEBUG NetUtilInitializations:129 - Loopback interface: lo (Software Loopback Interface 1, 127.0.0.1)
2022-03-01 21:36:37 DEBUG NetUtil:187 - Failed to get SOMAXCONN from sysctl and file \proc\sys\net\core\somaxconn. Default: 200
2022-03-01 21:36:37 DEBUG DefaultChannelId:101 - -Dio.netty.machineId: 24:77:03:ff:fe:ce:31:40 (auto-detected)
2022-03-01 21:36:37 DEBUG AbstractByteBuf:63 - -Dio.netty.buffer.checkAccessible: true
2022-03-01 21:36:37 DEBUG AbstractByteBuf:64 - -Dio.netty.buffer.checkBounds: true
2022-03-01 21:36:37 DEBUG ResourceLeakDetectorFactory:196 - Loaded default ResourceLeakDetector: io.netty.util.ResourceLeakDetector@2773f527
2022-03-01 21:36:37 DEBUG Recycler:103 - -Dio.netty.recycler.maxCapacityPerThread: 4096
2022-03-01 21:36:37 DEBUG Recycler:104 - -Dio.netty.recycler.maxSharedCapacityFactor: 2
2022-03-01 21:36:37 DEBUG Recycler:105 - -Dio.netty.recycler.linkCapacity: 16
2022-03-01 21:36:37 DEBUG Recycler:106 - -Dio.netty.recycler.ratio: 8
2022-03-01 21:36:37 DEBUG Recycler:107 - -Dio.netty.recycler.delayedQueue.ratio: 8
2022-03-01 21:36:37 DEBUG Brotli:38 - brotli4j not in the classpath; Brotli support will be unavailable.
2022-03-01 21:36:37 DEBUG ThreadLocalRandom:214 - -Dio.netty.initialSeedUniquifier: 0xf8eaa300cf7e6f2a
2022-03-07 10:30:17 DEBUG InternalLoggerFactory:89 - Using Log4J as the default logging framework
2022-03-07 10:30:17 DEBUG ResourceLeakDetector:129 - -Dio.netty.leakDetection.level: simple
2022-03-07 10:30:17 DEBUG ResourceLeakDetector:130 - -Dio.netty.leakDetection.targetRecords: 4
2022-03-07 10:30:17 DEBUG ResourceLeakDetectorFactory:196 - Loaded default ResourceLeakDetector: io.netty.util.ResourceLeakDetector@775594f2
2022-03-07 10:30:17 DEBUG PlatformDependent0:460 - -Dio.netty.noUnsafe: false
2022-03-07 10:30:17 DEBUG PlatformDependent0:954 - Java version: 17
2022-03-07 10:30:17 DEBUG PlatformDependent0:135 - sun.misc.Unsafe.theUnsafe: available
2022-03-07 10:30:17 DEBUG PlatformDependent0:159 - sun.misc.Unsafe.copyMemory: available
2022-03-07 10:30:17 DEBUG PlatformDependent0:202 - java.nio.Buffer.address: available
2022-03-07 10:30:17 DEBUG PlatformDependent0:285 - direct buffer constructor: unavailable: Reflective setAccessible(true) disabled
2022-03-07 10:30:17 DEBUG PlatformDependent0:350 - java.nio.Bits.unaligned: available, true
2022-03-07 10:30:17 DEBUG PlatformDependent0:417 - jdk.internal.misc.Unsafe.allocateUninitializedArray(int): unavailable: class io.netty.util.internal.PlatformDependent0$6 cannot access class jdk.internal.misc.Unsafe (in module java.base) because module java.base does not export jdk.internal.misc to unnamed module @11028347
2022-03-07 10:30:17 DEBUG PlatformDependent0:446 - java.nio.DirectByteBuffer.<init>(long, int): unavailable
2022-03-07 10:30:17 DEBUG PlatformDependent:1103 - sun.misc.Unsafe: available
2022-03-07 10:30:17 DEBUG PlatformDependent:1205 - maxDirectMemory: 2648702976 bytes (maybe)
2022-03-07 10:30:17 DEBUG PlatformDependent:1224 - -Dio.netty.tmpdir: C:\Users\kulth\AppData\Local\Temp (java.io.tmpdir)
2022-03-07 10:30:17 DEBUG PlatformDependent:1303 - -Dio.netty.bitMode: 64 (sun.arch.data.model)
2022-03-07 10:30:17 DEBUG PlatformDependent:1063 - Platform: Windows
2022-03-07 10:30:17 DEBUG PlatformDependent:178 - -Dio.netty.maxDirectMemory: -1 bytes
2022-03-07 10:30:17 DEBUG PlatformDependent:185 - -Dio.netty.uninitializedArrayAllocationThreshold: -1
2022-03-07 10:30:17 DEBUG CleanerJava9:71 - java.nio.ByteBuffer.cleaner(): available
2022-03-07 10:30:17 DEBUG PlatformDependent:205 - -Dio.netty.noPreferDirect: false
2022-03-07 10:30:17 DEBUG PlatformDependent:967 - org.jctools-core.MpscChunkedArrayQueue: available
2022-03-07 10:30:17 DEBUG InternalThreadLocalMap:83 - -Dio.netty.threadLocalMap.stringBuilder.initialSize: 1024
2022-03-07 10:30:17 DEBUG InternalThreadLocalMap:86 - -Dio.netty.threadLocalMap.stringBuilder.maxSize: 4096
2022-03-07 10:30:17 DEBUG JdkSslContext:97 - Default protocols (JDK): [TLSv1.3, TLSv1.2] 
2022-03-07 10:30:17 DEBUG JdkSslContext:98 - Default cipher suites (JDK): [TLS_ECDHE_ECDSA_WITH_AES_256_GCM_SHA384, TLS_ECDHE_ECDSA_WITH_AES_128_GCM_SHA256, TLS_ECDHE_RSA_WITH_AES_128_GCM_SHA256, TLS_ECDHE_RSA_WITH_AES_256_GCM_SHA384, TLS_ECDHE_RSA_WITH_AES_128_CBC_SHA, TLS_ECDHE_RSA_WITH_AES_256_CBC_SHA, TLS_RSA_WITH_AES_128_GCM_SHA256, TLS_RSA_WITH_AES_128_CBC_SHA, TLS_RSA_WITH_AES_256_CBC_SHA, TLS_AES_128_GCM_SHA256, TLS_AES_256_GCM_SHA384]
2022-03-07 10:30:17 DEBUG MultithreadEventLoopGroup:44 - -Dio.netty.eventLoopThreads: 16
2022-03-07 10:30:17 DEBUG NioEventLoop:106 - -Dio.netty.noKeySetOptimization: false
2022-03-07 10:30:17 DEBUG NioEventLoop:107 - -Dio.netty.selectorAutoRebuildThreshold: 512
2022-03-07 10:30:17 DEBUG PooledByteBufAllocator:155 - -Dio.netty.allocator.numHeapArenas: 16
2022-03-07 10:30:17 DEBUG PooledByteBufAllocator:156 - -Dio.netty.allocator.numDirectArenas: 16
2022-03-07 10:30:17 DEBUG PooledByteBufAllocator:158 - -Dio.netty.allocator.pageSize: 8192
2022-03-07 10:30:17 DEBUG PooledByteBufAllocator:163 - -Dio.netty.allocator.maxOrder: 11
2022-03-07 10:30:17 DEBUG PooledByteBufAllocator:167 - -Dio.netty.allocator.chunkSize: 16777216
2022-03-07 10:30:17 DEBUG PooledByteBufAllocator:168 - -Dio.netty.allocator.smallCacheSize: 256
2022-03-07 10:30:17 DEBUG PooledByteBufAllocator:169 - -Dio.netty.allocator.normalCacheSize: 64
2022-03-07 10:30:17 DEBUG PooledByteBufAllocator:170 - -Dio.netty.allocator.maxCachedBufferCapacity: 32768
2022-03-07 10:30:17 DEBUG PooledByteBufAllocator:171 - -Dio.netty.allocator.cacheTrimInterval: 8192
2022-03-07 10:30:17 DEBUG PooledByteBufAllocator:172 - -Dio.netty.allocator.cacheTrimIntervalMillis: 0
2022-03-07 10:30:17 DEBUG PooledByteBufAllocator:173 - -Dio.netty.allocator.useCacheForAllThreads: true
2022-03-07 10:30:17 DEBUG PooledByteBufAllocator:174 - -Dio.netty.allocator.maxCachedByteBuffersPerChunk: 1023
2022-03-07 10:30:18 DEBUG ByteBufUtil:87 - -Dio.netty.allocator.type: pooled
2022-03-07 10:30:18 DEBUG ByteBufUtil:96 - -Dio.netty.threadLocalDirectBufferSize: 0
2022-03-07 10:30:18 DEBUG ByteBufUtil:99 - -Dio.netty.maxThreadLocalCharBufferSize: 16384
2022-03-07 10:30:20 DEBUG DefaultChannelId:79 - -Dio.netty.processId: 6424 (auto-detected)
2022-03-07 10:30:20 DEBUG NetUtil:135 - -Djava.net.preferIPv4Stack: false
2022-03-07 10:30:20 DEBUG NetUtil:136 - -Djava.net.preferIPv6Addresses: false
2022-03-07 10:30:20 DEBUG NetUtilInitializations:129 - Loopback interface: lo (Software Loopback Interface 1, 127.0.0.1)
2022-03-07 10:30:20 DEBUG NetUtil:187 - Failed to get SOMAXCONN from sysctl and file \proc\sys\net\core\somaxconn. Default: 200
2022-03-07 10:30:20 DEBUG DefaultChannelId:101 - -Dio.netty.machineId: 24:77:03:ff:fe:ce:31:40 (auto-detected)
2022-03-07 10:30:20 DEBUG AbstractByteBuf:63 - -Dio.netty.buffer.checkAccessible: true
2022-03-07 10:30:20 DEBUG AbstractByteBuf:64 - -Dio.netty.buffer.checkBounds: true
2022-03-07 10:30:20 DEBUG ResourceLeakDetectorFactory:196 - Loaded default ResourceLeakDetector: io.netty.util.ResourceLeakDetector@2ebee9b0
2022-03-07 10:30:20 DEBUG Recycler:103 - -Dio.netty.recycler.maxCapacityPerThread: 4096
2022-03-07 10:30:20 DEBUG Recycler:104 - -Dio.netty.recycler.maxSharedCapacityFactor: 2
2022-03-07 10:30:20 DEBUG Recycler:105 - -Dio.netty.recycler.linkCapacity: 16
2022-03-07 10:30:21 DEBUG Recycler:106 - -Dio.netty.recycler.ratio: 8
2022-03-07 10:30:21 DEBUG Recycler:107 - -Dio.netty.recycler.delayedQueue.ratio: 8
2022-03-07 10:30:23 DEBUG Brotli:38 - brotli4j not in the classpath; Brotli support will be unavailable.
2022-03-07 10:30:25 DEBUG ThreadLocalRandom:214 - -Dio.netty.initialSeedUniquifier: 0x6528f60675e77bea
2022-03-07 10:30:35 INFO  Log:22 - user is going to click on Signin
2022-03-07 10:30:37 INFO  Log:22 - Enter Username and Password
2022-03-07 10:30:37 INFO  Log:22 - Verifying if user is able to login
2022-03-07 10:30:37 INFO  Log:22 - Login is success
2022-03-07 10:30:37 INFO  Log:15 - =====================================loginTest TEST END=========================================
2022-03-07 10:33:26 DEBUG InternalLoggerFactory:89 - Using Log4J as the default logging framework
2022-03-07 10:33:26 DEBUG ResourceLeakDetector:129 - -Dio.netty.leakDetection.level: simple
2022-03-07 10:33:26 DEBUG ResourceLeakDetector:130 - -Dio.netty.leakDetection.targetRecords: 4
2022-03-07 10:33:26 DEBUG ResourceLeakDetectorFactory:196 - Loaded default ResourceLeakDetector: io.netty.util.ResourceLeakDetector@3591009c
2022-03-07 10:33:26 DEBUG PlatformDependent0:460 - -Dio.netty.noUnsafe: false
2022-03-07 10:33:26 DEBUG PlatformDependent0:954 - Java version: 17
2022-03-07 10:33:26 DEBUG PlatformDependent0:135 - sun.misc.Unsafe.theUnsafe: available
2022-03-07 10:33:26 DEBUG PlatformDependent0:159 - sun.misc.Unsafe.copyMemory: available
2022-03-07 10:33:26 DEBUG PlatformDependent0:202 - java.nio.Buffer.address: available
2022-03-07 10:33:26 DEBUG PlatformDependent0:285 - direct buffer constructor: unavailable: Reflective setAccessible(true) disabled
2022-03-07 10:33:26 DEBUG PlatformDependent0:350 - java.nio.Bits.unaligned: available, true
2022-03-07 10:33:26 DEBUG PlatformDependent0:417 - jdk.internal.misc.Unsafe.allocateUninitializedArray(int): unavailable: class io.netty.util.internal.PlatformDependent0$6 cannot access class jdk.internal.misc.Unsafe (in module java.base) because module java.base does not export jdk.internal.misc to unnamed module @11028347
2022-03-07 10:33:26 DEBUG PlatformDependent0:446 - java.nio.DirectByteBuffer.<init>(long, int): unavailable
2022-03-07 10:33:26 DEBUG PlatformDependent:1103 - sun.misc.Unsafe: available
2022-03-07 10:33:26 DEBUG PlatformDependent:1205 - maxDirectMemory: 2648702976 bytes (maybe)
2022-03-07 10:33:26 DEBUG PlatformDependent:1224 - -Dio.netty.tmpdir: C:\Users\kulth\AppData\Local\Temp (java.io.tmpdir)
2022-03-07 10:33:26 DEBUG PlatformDependent:1303 - -Dio.netty.bitMode: 64 (sun.arch.data.model)
2022-03-07 10:33:26 DEBUG PlatformDependent:1063 - Platform: Windows
2022-03-07 10:33:26 DEBUG PlatformDependent:178 - -Dio.netty.maxDirectMemory: -1 bytes
2022-03-07 10:33:26 DEBUG PlatformDependent:185 - -Dio.netty.uninitializedArrayAllocationThreshold: -1
2022-03-07 10:33:26 DEBUG CleanerJava9:71 - java.nio.ByteBuffer.cleaner(): available
2022-03-07 10:33:26 DEBUG PlatformDependent:205 - -Dio.netty.noPreferDirect: false
2022-03-07 10:33:26 DEBUG PlatformDependent:967 - org.jctools-core.MpscChunkedArrayQueue: available
2022-03-07 10:33:26 DEBUG InternalThreadLocalMap:83 - -Dio.netty.threadLocalMap.stringBuilder.initialSize: 1024
2022-03-07 10:33:26 DEBUG InternalThreadLocalMap:86 - -Dio.netty.threadLocalMap.stringBuilder.maxSize: 4096
2022-03-07 10:33:26 DEBUG JdkSslContext:97 - Default protocols (JDK): [TLSv1.3, TLSv1.2] 
2022-03-07 10:33:26 DEBUG JdkSslContext:98 - Default cipher suites (JDK): [TLS_ECDHE_ECDSA_WITH_AES_256_GCM_SHA384, TLS_ECDHE_ECDSA_WITH_AES_128_GCM_SHA256, TLS_ECDHE_RSA_WITH_AES_128_GCM_SHA256, TLS_ECDHE_RSA_WITH_AES_256_GCM_SHA384, TLS_ECDHE_RSA_WITH_AES_128_CBC_SHA, TLS_ECDHE_RSA_WITH_AES_256_CBC_SHA, TLS_RSA_WITH_AES_128_GCM_SHA256, TLS_RSA_WITH_AES_128_CBC_SHA, TLS_RSA_WITH_AES_256_CBC_SHA, TLS_AES_128_GCM_SHA256, TLS_AES_256_GCM_SHA384]
2022-03-07 10:33:26 DEBUG MultithreadEventLoopGroup:44 - -Dio.netty.eventLoopThreads: 16
2022-03-07 10:33:26 DEBUG NioEventLoop:106 - -Dio.netty.noKeySetOptimization: false
2022-03-07 10:33:26 DEBUG NioEventLoop:107 - -Dio.netty.selectorAutoRebuildThreshold: 512
2022-03-07 10:33:26 DEBUG PooledByteBufAllocator:155 - -Dio.netty.allocator.numHeapArenas: 16
2022-03-07 10:33:26 DEBUG PooledByteBufAllocator:156 - -Dio.netty.allocator.numDirectArenas: 16
2022-03-07 10:33:26 DEBUG PooledByteBufAllocator:158 - -Dio.netty.allocator.pageSize: 8192
2022-03-07 10:33:26 DEBUG PooledByteBufAllocator:163 - -Dio.netty.allocator.maxOrder: 11
2022-03-07 10:33:26 DEBUG PooledByteBufAllocator:167 - -Dio.netty.allocator.chunkSize: 16777216
2022-03-07 10:33:26 DEBUG PooledByteBufAllocator:168 - -Dio.netty.allocator.smallCacheSize: 256
2022-03-07 10:33:26 DEBUG PooledByteBufAllocator:169 - -Dio.netty.allocator.normalCacheSize: 64
2022-03-07 10:33:26 DEBUG PooledByteBufAllocator:170 - -Dio.netty.allocator.maxCachedBufferCapacity: 32768
2022-03-07 10:33:26 DEBUG PooledByteBufAllocator:171 - -Dio.netty.allocator.cacheTrimInterval: 8192
2022-03-07 10:33:26 DEBUG PooledByteBufAllocator:172 - -Dio.netty.allocator.cacheTrimIntervalMillis: 0
2022-03-07 10:33:26 DEBUG PooledByteBufAllocator:173 - -Dio.netty.allocator.useCacheForAllThreads: true
2022-03-07 10:33:26 DEBUG PooledByteBufAllocator:174 - -Dio.netty.allocator.maxCachedByteBuffersPerChunk: 1023
2022-03-07 10:33:26 DEBUG ByteBufUtil:87 - -Dio.netty.allocator.type: pooled
2022-03-07 10:33:26 DEBUG ByteBufUtil:96 - -Dio.netty.threadLocalDirectBufferSize: 0
2022-03-07 10:33:26 DEBUG ByteBufUtil:99 - -Dio.netty.maxThreadLocalCharBufferSize: 16384
2022-03-07 10:33:27 DEBUG DefaultChannelId:79 - -Dio.netty.processId: 14552 (auto-detected)
2022-03-07 10:33:27 DEBUG NetUtil:135 - -Djava.net.preferIPv4Stack: false
2022-03-07 10:33:27 DEBUG NetUtil:136 - -Djava.net.preferIPv6Addresses: false
2022-03-07 10:33:27 DEBUG NetUtilInitializations:129 - Loopback interface: lo (Software Loopback Interface 1, 127.0.0.1)
2022-03-07 10:33:27 DEBUG NetUtil:187 - Failed to get SOMAXCONN from sysctl and file \proc\sys\net\core\somaxconn. Default: 200
2022-03-07 10:33:27 DEBUG DefaultChannelId:101 - -Dio.netty.machineId: 24:77:03:ff:fe:ce:31:40 (auto-detected)
2022-03-07 10:33:27 DEBUG AbstractByteBuf:63 - -Dio.netty.buffer.checkAccessible: true
2022-03-07 10:33:27 DEBUG AbstractByteBuf:64 - -Dio.netty.buffer.checkBounds: true
2022-03-07 10:33:27 DEBUG ResourceLeakDetectorFactory:196 - Loaded default ResourceLeakDetector: io.netty.util.ResourceLeakDetector@20e192a8
2022-03-07 10:33:27 DEBUG Recycler:103 - -Dio.netty.recycler.maxCapacityPerThread: 4096
2022-03-07 10:33:27 DEBUG Recycler:104 - -Dio.netty.recycler.maxSharedCapacityFactor: 2
2022-03-07 10:33:27 DEBUG Recycler:105 - -Dio.netty.recycler.linkCapacity: 16
2022-03-07 10:33:27 DEBUG Recycler:106 - -Dio.netty.recycler.ratio: 8
2022-03-07 10:33:27 DEBUG Recycler:107 - -Dio.netty.recycler.delayedQueue.ratio: 8
2022-03-07 10:33:31 DEBUG Brotli:38 - brotli4j not in the classpath; Brotli support will be unavailable.
2022-03-07 10:33:31 DEBUG ThreadLocalRandom:214 - -Dio.netty.initialSeedUniquifier: 0xd2eb0448a6115ab6
2022-03-07 10:33:41 INFO  Log:22 - user is going to click on Signin
2022-03-07 10:33:43 INFO  Log:22 - Enter Username and Password
2022-03-07 10:33:43 INFO  Log:22 - Verifying if user is able to login
2022-03-07 10:33:43 INFO  Log:22 - Login is success
2022-03-07 10:33:43 INFO  Log:15 - =====================================loginTest TEST END=========================================
2022-03-07 20:45:29 DEBUG InternalLoggerFactory:89 - Using Log4J as the default logging framework
2022-03-07 20:45:29 DEBUG ResourceLeakDetector:129 - -Dio.netty.leakDetection.level: simple
2022-03-07 20:45:29 DEBUG ResourceLeakDetector:130 - -Dio.netty.leakDetection.targetRecords: 4
2022-03-07 20:45:29 DEBUG ResourceLeakDetectorFactory:196 - Loaded default ResourceLeakDetector: io.netty.util.ResourceLeakDetector@20d11153
2022-03-07 20:45:30 DEBUG PlatformDependent0:460 - -Dio.netty.noUnsafe: false
2022-03-07 20:45:30 DEBUG PlatformDependent0:954 - Java version: 17
2022-03-07 20:45:30 DEBUG PlatformDependent0:135 - sun.misc.Unsafe.theUnsafe: available
2022-03-07 20:45:30 DEBUG PlatformDependent0:159 - sun.misc.Unsafe.copyMemory: available
2022-03-07 20:45:30 DEBUG PlatformDependent0:202 - java.nio.Buffer.address: available
2022-03-07 20:45:30 DEBUG PlatformDependent0:285 - direct buffer constructor: unavailable: Reflective setAccessible(true) disabled
2022-03-07 20:45:30 DEBUG PlatformDependent0:350 - java.nio.Bits.unaligned: available, true
2022-03-07 20:45:30 DEBUG PlatformDependent0:417 - jdk.internal.misc.Unsafe.allocateUninitializedArray(int): unavailable: class io.netty.util.internal.PlatformDependent0$6 cannot access class jdk.internal.misc.Unsafe (in module java.base) because module java.base does not export jdk.internal.misc to unnamed module @11028347
2022-03-07 20:45:30 DEBUG PlatformDependent0:446 - java.nio.DirectByteBuffer.<init>(long, int): unavailable
2022-03-07 20:45:30 DEBUG PlatformDependent:1103 - sun.misc.Unsafe: available
2022-03-07 20:45:30 DEBUG PlatformDependent:1205 - maxDirectMemory: 2648702976 bytes (maybe)
2022-03-07 20:45:30 DEBUG PlatformDependent:1224 - -Dio.netty.tmpdir: C:\Users\kulth\AppData\Local\Temp (java.io.tmpdir)
2022-03-07 20:45:30 DEBUG PlatformDependent:1303 - -Dio.netty.bitMode: 64 (sun.arch.data.model)
2022-03-07 20:45:30 DEBUG PlatformDependent:1063 - Platform: Windows
2022-03-07 20:45:30 DEBUG PlatformDependent:178 - -Dio.netty.maxDirectMemory: -1 bytes
2022-03-07 20:45:30 DEBUG PlatformDependent:185 - -Dio.netty.uninitializedArrayAllocationThreshold: -1
2022-03-07 20:45:30 DEBUG CleanerJava9:71 - java.nio.ByteBuffer.cleaner(): available
2022-03-07 20:45:30 DEBUG PlatformDependent:205 - -Dio.netty.noPreferDirect: false
2022-03-07 20:45:30 DEBUG PlatformDependent:967 - org.jctools-core.MpscChunkedArrayQueue: available
2022-03-07 20:45:30 DEBUG InternalThreadLocalMap:83 - -Dio.netty.threadLocalMap.stringBuilder.initialSize: 1024
2022-03-07 20:45:30 DEBUG InternalThreadLocalMap:86 - -Dio.netty.threadLocalMap.stringBuilder.maxSize: 4096
2022-03-07 20:45:30 DEBUG JdkSslContext:97 - Default protocols (JDK): [TLSv1.3, TLSv1.2] 
2022-03-07 20:45:30 DEBUG JdkSslContext:98 - Default cipher suites (JDK): [TLS_ECDHE_ECDSA_WITH_AES_256_GCM_SHA384, TLS_ECDHE_ECDSA_WITH_AES_128_GCM_SHA256, TLS_ECDHE_RSA_WITH_AES_128_GCM_SHA256, TLS_ECDHE_RSA_WITH_AES_256_GCM_SHA384, TLS_ECDHE_RSA_WITH_AES_128_CBC_SHA, TLS_ECDHE_RSA_WITH_AES_256_CBC_SHA, TLS_RSA_WITH_AES_128_GCM_SHA256, TLS_RSA_WITH_AES_128_CBC_SHA, TLS_RSA_WITH_AES_256_CBC_SHA, TLS_AES_128_GCM_SHA256, TLS_AES_256_GCM_SHA384]
2022-03-07 20:45:30 DEBUG MultithreadEventLoopGroup:44 - -Dio.netty.eventLoopThreads: 16
2022-03-07 20:45:30 DEBUG NioEventLoop:106 - -Dio.netty.noKeySetOptimization: false
2022-03-07 20:45:30 DEBUG NioEventLoop:107 - -Dio.netty.selectorAutoRebuildThreshold: 512
2022-03-07 20:45:30 DEBUG PooledByteBufAllocator:155 - -Dio.netty.allocator.numHeapArenas: 16
2022-03-07 20:45:30 DEBUG PooledByteBufAllocator:156 - -Dio.netty.allocator.numDirectArenas: 16
2022-03-07 20:45:30 DEBUG PooledByteBufAllocator:158 - -Dio.netty.allocator.pageSize: 8192
2022-03-07 20:45:30 DEBUG PooledByteBufAllocator:163 - -Dio.netty.allocator.maxOrder: 11
2022-03-07 20:45:30 DEBUG PooledByteBufAllocator:167 - -Dio.netty.allocator.chunkSize: 16777216
2022-03-07 20:45:30 DEBUG PooledByteBufAllocator:168 - -Dio.netty.allocator.smallCacheSize: 256
2022-03-07 20:45:30 DEBUG PooledByteBufAllocator:169 - -Dio.netty.allocator.normalCacheSize: 64
2022-03-07 20:45:30 DEBUG PooledByteBufAllocator:170 - -Dio.netty.allocator.maxCachedBufferCapacity: 32768
2022-03-07 20:45:30 DEBUG PooledByteBufAllocator:171 - -Dio.netty.allocator.cacheTrimInterval: 8192
2022-03-07 20:45:30 DEBUG PooledByteBufAllocator:172 - -Dio.netty.allocator.cacheTrimIntervalMillis: 0
2022-03-07 20:45:30 DEBUG PooledByteBufAllocator:173 - -Dio.netty.allocator.useCacheForAllThreads: true
2022-03-07 20:45:30 DEBUG PooledByteBufAllocator:174 - -Dio.netty.allocator.maxCachedByteBuffersPerChunk: 1023
2022-03-07 20:45:30 DEBUG ByteBufUtil:87 - -Dio.netty.allocator.type: pooled
2022-03-07 20:45:30 DEBUG ByteBufUtil:96 - -Dio.netty.threadLocalDirectBufferSize: 0
2022-03-07 20:45:30 DEBUG ByteBufUtil:99 - -Dio.netty.maxThreadLocalCharBufferSize: 16384
2022-03-07 20:45:30 DEBUG DefaultChannelId:79 - -Dio.netty.processId: 10288 (auto-detected)
2022-03-07 20:45:30 DEBUG NetUtil:135 - -Djava.net.preferIPv4Stack: false
2022-03-07 20:45:30 DEBUG NetUtil:136 - -Djava.net.preferIPv6Addresses: false
2022-03-07 20:45:30 DEBUG NetUtilInitializations:129 - Loopback interface: lo (Software Loopback Interface 1, 127.0.0.1)
2022-03-07 20:45:30 DEBUG NetUtil:187 - Failed to get SOMAXCONN from sysctl and file \proc\sys\net\core\somaxconn. Default: 200
2022-03-07 20:45:30 DEBUG DefaultChannelId:101 - -Dio.netty.machineId: 24:77:03:ff:fe:ce:31:40 (auto-detected)
2022-03-07 20:45:30 DEBUG AbstractByteBuf:63 - -Dio.netty.buffer.checkAccessible: true
2022-03-07 20:45:30 DEBUG AbstractByteBuf:64 - -Dio.netty.buffer.checkBounds: true
2022-03-07 20:45:30 DEBUG ResourceLeakDetectorFactory:196 - Loaded default ResourceLeakDetector: io.netty.util.ResourceLeakDetector@21247bb2
2022-03-07 20:45:30 DEBUG Recycler:103 - -Dio.netty.recycler.maxCapacityPerThread: 4096
2022-03-07 20:45:30 DEBUG Recycler:104 - -Dio.netty.recycler.maxSharedCapacityFactor: 2
2022-03-07 20:45:30 DEBUG Recycler:105 - -Dio.netty.recycler.linkCapacity: 16
2022-03-07 20:45:30 DEBUG Recycler:106 - -Dio.netty.recycler.ratio: 8
2022-03-07 20:45:30 DEBUG Recycler:107 - -Dio.netty.recycler.delayedQueue.ratio: 8
2022-03-07 20:45:31 DEBUG Brotli:38 - brotli4j not in the classpath; Brotli support will be unavailable.
2022-03-07 20:45:31 DEBUG ThreadLocalRandom:214 - -Dio.netty.initialSeedUniquifier: 0x532bdeeea4acedaa
2022-03-07 20:45:42 INFO  Log:22 - user is going to click on Signin
2022-03-07 20:45:46 INFO  Log:22 - Enter Username and Password
2022-03-07 20:45:46 INFO  Log:22 - Verifying if user is able to login
2022-03-07 20:45:46 INFO  Log:22 - Login is success
2022-03-07 20:45:46 INFO  Log:15 - =====================================loginTest TEST END=========================================
2022-04-13 12:49:33 DEBUG InternalLoggerFactory:89 - Using Log4J as the default logging framework
2022-04-13 12:49:33 DEBUG InternalLoggerFactory:89 - Using Log4J as the default logging framework
2022-04-13 12:49:34 DEBUG ResourceLeakDetector:129 - -Dio.netty.leakDetection.level: simple
2022-04-13 12:49:34 DEBUG ResourceLeakDetector:129 - -Dio.netty.leakDetection.level: simple
2022-04-13 12:49:34 DEBUG ResourceLeakDetector:130 - -Dio.netty.leakDetection.targetRecords: 4
2022-04-13 12:49:34 DEBUG ResourceLeakDetector:130 - -Dio.netty.leakDetection.targetRecords: 4
2022-04-13 12:49:34 DEBUG ResourceLeakDetectorFactory:196 - Loaded default ResourceLeakDetector: io.netty.util.ResourceLeakDetector@51e0301d
2022-04-13 12:49:34 DEBUG ResourceLeakDetectorFactory:196 - Loaded default ResourceLeakDetector: io.netty.util.ResourceLeakDetector@769a58e5
2022-04-13 12:49:34 DEBUG PlatformDependent0:460 - -Dio.netty.noUnsafe: false
2022-04-13 12:49:34 DEBUG PlatformDependent0:954 - Java version: 17
2022-04-13 12:49:34 DEBUG PlatformDependent0:460 - -Dio.netty.noUnsafe: false
2022-04-13 12:49:34 DEBUG PlatformDependent0:954 - Java version: 17
2022-04-13 12:49:34 DEBUG PlatformDependent0:135 - sun.misc.Unsafe.theUnsafe: available
2022-04-13 12:49:34 DEBUG PlatformDependent0:135 - sun.misc.Unsafe.theUnsafe: available
2022-04-13 12:49:34 DEBUG PlatformDependent0:159 - sun.misc.Unsafe.copyMemory: available
2022-04-13 12:49:34 DEBUG PlatformDependent0:159 - sun.misc.Unsafe.copyMemory: available
2022-04-13 12:49:34 DEBUG PlatformDependent0:202 - java.nio.Buffer.address: available
2022-04-13 12:49:34 DEBUG PlatformDependent0:202 - java.nio.Buffer.address: available
2022-04-13 12:49:34 DEBUG PlatformDependent0:285 - direct buffer constructor: unavailable: Reflective setAccessible(true) disabled
2022-04-13 12:49:34 DEBUG PlatformDependent0:285 - direct buffer constructor: unavailable: Reflective setAccessible(true) disabled
2022-04-13 12:49:34 DEBUG PlatformDependent0:350 - java.nio.Bits.unaligned: available, true
2022-04-13 12:49:34 DEBUG PlatformDependent0:350 - java.nio.Bits.unaligned: available, true
2022-04-13 12:49:34 DEBUG PlatformDependent0:417 - jdk.internal.misc.Unsafe.allocateUninitializedArray(int): unavailable: class io.netty.util.internal.PlatformDependent0$6 cannot access class jdk.internal.misc.Unsafe (in module java.base) because module java.base does not export jdk.internal.misc to unnamed module @3c0ecd4b
2022-04-13 12:49:34 DEBUG PlatformDependent0:417 - jdk.internal.misc.Unsafe.allocateUninitializedArray(int): unavailable: class io.netty.util.internal.PlatformDependent0$6 cannot access class jdk.internal.misc.Unsafe (in module java.base) because module java.base does not export jdk.internal.misc to unnamed module @3c0ecd4b
2022-04-13 12:49:34 DEBUG PlatformDependent0:446 - java.nio.DirectByteBuffer.<init>(long, int): unavailable
2022-04-13 12:49:34 DEBUG PlatformDependent0:446 - java.nio.DirectByteBuffer.<init>(long, int): unavailable
2022-04-13 12:49:34 DEBUG PlatformDependent:1103 - sun.misc.Unsafe: available
2022-04-13 12:49:34 DEBUG PlatformDependent:1103 - sun.misc.Unsafe: available
2022-04-13 12:49:35 DEBUG PlatformDependent:1205 - maxDirectMemory: 1052770304 bytes (maybe)
2022-04-13 12:49:35 DEBUG PlatformDependent:1205 - maxDirectMemory: 1052770304 bytes (maybe)
2022-04-13 12:49:35 DEBUG PlatformDependent:1224 - -Dio.netty.tmpdir: C:\Users\Prashant\AppData\Local\Temp (java.io.tmpdir)
2022-04-13 12:49:35 DEBUG PlatformDependent:1303 - -Dio.netty.bitMode: 64 (sun.arch.data.model)
2022-04-13 12:49:35 DEBUG PlatformDependent:1063 - Platform: Windows
2022-04-13 12:49:35 DEBUG PlatformDependent:1224 - -Dio.netty.tmpdir: C:\Users\Prashant\AppData\Local\Temp (java.io.tmpdir)
2022-04-13 12:49:35 DEBUG PlatformDependent:1303 - -Dio.netty.bitMode: 64 (sun.arch.data.model)
2022-04-13 12:49:35 DEBUG PlatformDependent:178 - -Dio.netty.maxDirectMemory: -1 bytes
2022-04-13 12:49:35 DEBUG PlatformDependent:1063 - Platform: Windows
2022-04-13 12:49:35 DEBUG PlatformDependent:185 - -Dio.netty.uninitializedArrayAllocationThreshold: -1
2022-04-13 12:49:35 DEBUG PlatformDependent:178 - -Dio.netty.maxDirectMemory: -1 bytes
2022-04-13 12:49:35 DEBUG CleanerJava9:71 - java.nio.ByteBuffer.cleaner(): available
2022-04-13 12:49:35 DEBUG PlatformDependent:185 - -Dio.netty.uninitializedArrayAllocationThreshold: -1
2022-04-13 12:49:35 DEBUG PlatformDependent:205 - -Dio.netty.noPreferDirect: false
2022-04-13 12:49:35 DEBUG CleanerJava9:71 - java.nio.ByteBuffer.cleaner(): available
2022-04-13 12:49:35 DEBUG PlatformDependent:205 - -Dio.netty.noPreferDirect: false
2022-04-13 12:49:35 DEBUG PlatformDependent:967 - org.jctools-core.MpscChunkedArrayQueue: available
2022-04-13 12:49:35 DEBUG PlatformDependent:967 - org.jctools-core.MpscChunkedArrayQueue: available
2022-04-13 12:49:37 DEBUG InternalThreadLocalMap:83 - -Dio.netty.threadLocalMap.stringBuilder.initialSize: 1024
2022-04-13 12:49:37 DEBUG InternalThreadLocalMap:83 - -Dio.netty.threadLocalMap.stringBuilder.initialSize: 1024
2022-04-13 12:49:37 DEBUG InternalThreadLocalMap:86 - -Dio.netty.threadLocalMap.stringBuilder.maxSize: 4096
2022-04-13 12:49:37 DEBUG InternalThreadLocalMap:86 - -Dio.netty.threadLocalMap.stringBuilder.maxSize: 4096
2022-04-13 12:49:37 DEBUG JdkSslContext:97 - Default protocols (JDK): [TLSv1.3, TLSv1.2] 
2022-04-13 12:49:37 DEBUG JdkSslContext:98 - Default cipher suites (JDK): [TLS_ECDHE_ECDSA_WITH_AES_256_GCM_SHA384, TLS_ECDHE_ECDSA_WITH_AES_128_GCM_SHA256, TLS_ECDHE_RSA_WITH_AES_128_GCM_SHA256, TLS_ECDHE_RSA_WITH_AES_256_GCM_SHA384, TLS_ECDHE_RSA_WITH_AES_128_CBC_SHA, TLS_ECDHE_RSA_WITH_AES_256_CBC_SHA, TLS_RSA_WITH_AES_128_GCM_SHA256, TLS_RSA_WITH_AES_128_CBC_SHA, TLS_RSA_WITH_AES_256_CBC_SHA, TLS_AES_128_GCM_SHA256, TLS_AES_256_GCM_SHA384]
2022-04-13 12:49:37 DEBUG JdkSslContext:97 - Default protocols (JDK): [TLSv1.3, TLSv1.2] 
2022-04-13 12:49:37 DEBUG JdkSslContext:98 - Default cipher suites (JDK): [TLS_ECDHE_ECDSA_WITH_AES_256_GCM_SHA384, TLS_ECDHE_ECDSA_WITH_AES_128_GCM_SHA256, TLS_ECDHE_RSA_WITH_AES_128_GCM_SHA256, TLS_ECDHE_RSA_WITH_AES_256_GCM_SHA384, TLS_ECDHE_RSA_WITH_AES_128_CBC_SHA, TLS_ECDHE_RSA_WITH_AES_256_CBC_SHA, TLS_RSA_WITH_AES_128_GCM_SHA256, TLS_RSA_WITH_AES_128_CBC_SHA, TLS_RSA_WITH_AES_256_CBC_SHA, TLS_AES_128_GCM_SHA256, TLS_AES_256_GCM_SHA384]
2022-04-13 12:49:38 DEBUG MultithreadEventLoopGroup:44 - -Dio.netty.eventLoopThreads: 8
2022-04-13 12:49:38 DEBUG MultithreadEventLoopGroup:44 - -Dio.netty.eventLoopThreads: 8
2022-04-13 12:49:39 DEBUG NioEventLoop:106 - -Dio.netty.noKeySetOptimization: false
2022-04-13 12:49:39 DEBUG NioEventLoop:106 - -Dio.netty.noKeySetOptimization: false
2022-04-13 12:49:39 DEBUG NioEventLoop:107 - -Dio.netty.selectorAutoRebuildThreshold: 512
2022-04-13 12:49:39 DEBUG NioEventLoop:107 - -Dio.netty.selectorAutoRebuildThreshold: 512
2022-04-13 12:49:43 DEBUG PooledByteBufAllocator:155 - -Dio.netty.allocator.numHeapArenas: 8
2022-04-13 12:49:43 DEBUG PooledByteBufAllocator:156 - -Dio.netty.allocator.numDirectArenas: 8
2022-04-13 12:49:43 DEBUG PooledByteBufAllocator:155 - -Dio.netty.allocator.numHeapArenas: 8
2022-04-13 12:49:43 DEBUG PooledByteBufAllocator:158 - -Dio.netty.allocator.pageSize: 8192
2022-04-13 12:49:43 DEBUG PooledByteBufAllocator:156 - -Dio.netty.allocator.numDirectArenas: 8
2022-04-13 12:49:43 DEBUG PooledByteBufAllocator:163 - -Dio.netty.allocator.maxOrder: 11
2022-04-13 12:49:43 DEBUG PooledByteBufAllocator:167 - -Dio.netty.allocator.chunkSize: 16777216
2022-04-13 12:49:43 DEBUG PooledByteBufAllocator:158 - -Dio.netty.allocator.pageSize: 8192
2022-04-13 12:49:43 DEBUG PooledByteBufAllocator:168 - -Dio.netty.allocator.smallCacheSize: 256
2022-04-13 12:49:43 DEBUG PooledByteBufAllocator:163 - -Dio.netty.allocator.maxOrder: 11
2022-04-13 12:49:43 DEBUG PooledByteBufAllocator:167 - -Dio.netty.allocator.chunkSize: 16777216
2022-04-13 12:49:43 DEBUG PooledByteBufAllocator:169 - -Dio.netty.allocator.normalCacheSize: 64
2022-04-13 12:49:43 DEBUG PooledByteBufAllocator:168 - -Dio.netty.allocator.smallCacheSize: 256
2022-04-13 12:49:43 DEBUG PooledByteBufAllocator:170 - -Dio.netty.allocator.maxCachedBufferCapacity: 32768
2022-04-13 12:49:43 DEBUG PooledByteBufAllocator:169 - -Dio.netty.allocator.normalCacheSize: 64
2022-04-13 12:49:43 DEBUG PooledByteBufAllocator:171 - -Dio.netty.allocator.cacheTrimInterval: 8192
2022-04-13 12:49:43 DEBUG PooledByteBufAllocator:170 - -Dio.netty.allocator.maxCachedBufferCapacity: 32768
2022-04-13 12:49:43 DEBUG PooledByteBufAllocator:171 - -Dio.netty.allocator.cacheTrimInterval: 8192
2022-04-13 12:49:43 DEBUG PooledByteBufAllocator:172 - -Dio.netty.allocator.cacheTrimIntervalMillis: 0
2022-04-13 12:49:43 DEBUG PooledByteBufAllocator:172 - -Dio.netty.allocator.cacheTrimIntervalMillis: 0
2022-04-13 12:49:43 DEBUG PooledByteBufAllocator:173 - -Dio.netty.allocator.useCacheForAllThreads: true
2022-04-13 12:49:43 DEBUG PooledByteBufAllocator:174 - -Dio.netty.allocator.maxCachedByteBuffersPerChunk: 1023
2022-04-13 12:49:43 DEBUG PooledByteBufAllocator:173 - -Dio.netty.allocator.useCacheForAllThreads: true
2022-04-13 12:49:43 DEBUG PooledByteBufAllocator:174 - -Dio.netty.allocator.maxCachedByteBuffersPerChunk: 1023
2022-04-13 12:49:43 DEBUG ByteBufUtil:87 - -Dio.netty.allocator.type: pooled
2022-04-13 12:49:43 DEBUG ByteBufUtil:96 - -Dio.netty.threadLocalDirectBufferSize: 0
2022-04-13 12:49:43 DEBUG ByteBufUtil:99 - -Dio.netty.maxThreadLocalCharBufferSize: 16384
2022-04-13 12:49:43 DEBUG ByteBufUtil:87 - -Dio.netty.allocator.type: pooled
2022-04-13 12:49:43 DEBUG ByteBufUtil:96 - -Dio.netty.threadLocalDirectBufferSize: 0
2022-04-13 12:49:43 DEBUG ByteBufUtil:99 - -Dio.netty.maxThreadLocalCharBufferSize: 16384
2022-04-13 12:50:05 DEBUG DefaultChannelId:79 - -Dio.netty.processId: 10944 (auto-detected)
2022-04-13 12:50:05 DEBUG DefaultChannelId:79 - -Dio.netty.processId: 15576 (auto-detected)
2022-04-13 12:50:05 DEBUG NetUtil:135 - -Djava.net.preferIPv4Stack: false
2022-04-13 12:50:05 DEBUG NetUtil:135 - -Djava.net.preferIPv4Stack: false
2022-04-13 12:50:05 DEBUG NetUtil:136 - -Djava.net.preferIPv6Addresses: false
2022-04-13 12:50:05 DEBUG NetUtil:136 - -Djava.net.preferIPv6Addresses: false
2022-04-13 12:50:05 DEBUG NetUtilInitializations:129 - Loopback interface: lo (Software Loopback Interface 1, 127.0.0.1)
2022-04-13 12:50:05 DEBUG NetUtilInitializations:129 - Loopback interface: lo (Software Loopback Interface 1, 127.0.0.1)
2022-04-13 12:50:05 DEBUG NetUtil:187 - Failed to get SOMAXCONN from sysctl and file \proc\sys\net\core\somaxconn. Default: 200
2022-04-13 12:50:05 DEBUG NetUtil:187 - Failed to get SOMAXCONN from sysctl and file \proc\sys\net\core\somaxconn. Default: 200
2022-04-13 12:50:05 DEBUG DefaultChannelId:101 - -Dio.netty.machineId: 40:9f:38:ff:fe:64:a8:85 (auto-detected)
2022-04-13 12:50:05 DEBUG DefaultChannelId:101 - -Dio.netty.machineId: 40:9f:38:ff:fe:64:a8:85 (auto-detected)
2022-04-13 12:50:06 DEBUG AbstractByteBuf:63 - -Dio.netty.buffer.checkAccessible: true
2022-04-13 12:50:06 DEBUG AbstractByteBuf:63 - -Dio.netty.buffer.checkAccessible: true
2022-04-13 12:50:06 DEBUG AbstractByteBuf:64 - -Dio.netty.buffer.checkBounds: true
2022-04-13 12:50:06 DEBUG ResourceLeakDetectorFactory:196 - Loaded default ResourceLeakDetector: io.netty.util.ResourceLeakDetector@282bec6
2022-04-13 12:50:06 DEBUG AbstractByteBuf:64 - -Dio.netty.buffer.checkBounds: true
2022-04-13 12:50:06 DEBUG ResourceLeakDetectorFactory:196 - Loaded default ResourceLeakDetector: io.netty.util.ResourceLeakDetector@214993e
2022-04-13 12:50:06 DEBUG Recycler:103 - -Dio.netty.recycler.maxCapacityPerThread: 4096
2022-04-13 12:50:06 DEBUG Recycler:103 - -Dio.netty.recycler.maxCapacityPerThread: 4096
2022-04-13 12:50:06 DEBUG Recycler:104 - -Dio.netty.recycler.maxSharedCapacityFactor: 2
2022-04-13 12:50:06 DEBUG Recycler:104 - -Dio.netty.recycler.maxSharedCapacityFactor: 2
2022-04-13 12:50:06 DEBUG Recycler:105 - -Dio.netty.recycler.linkCapacity: 16
2022-04-13 12:50:06 DEBUG Recycler:105 - -Dio.netty.recycler.linkCapacity: 16
2022-04-13 12:50:06 DEBUG Recycler:106 - -Dio.netty.recycler.ratio: 8
2022-04-13 12:50:06 DEBUG Recycler:106 - -Dio.netty.recycler.ratio: 8
2022-04-13 12:50:06 DEBUG Recycler:107 - -Dio.netty.recycler.delayedQueue.ratio: 8
2022-04-13 12:50:06 DEBUG Recycler:107 - -Dio.netty.recycler.delayedQueue.ratio: 8
2022-04-16 13:32:40 DEBUG InternalLoggerFactory:89 - Using Log4J as the default logging framework
2022-04-16 13:32:40 DEBUG ResourceLeakDetector:129 - -Dio.netty.leakDetection.level: simple
2022-04-16 13:32:40 DEBUG ResourceLeakDetector:130 - -Dio.netty.leakDetection.targetRecords: 4
2022-04-16 13:32:40 DEBUG ResourceLeakDetectorFactory:196 - Loaded default ResourceLeakDetector: io.netty.util.ResourceLeakDetector@14fc5d40
2022-04-16 13:32:40 DEBUG PlatformDependent0:460 - -Dio.netty.noUnsafe: false
2022-04-16 13:32:40 DEBUG PlatformDependent0:954 - Java version: 17
2022-04-16 13:32:40 DEBUG PlatformDependent0:135 - sun.misc.Unsafe.theUnsafe: available
2022-04-16 13:32:40 DEBUG PlatformDependent0:159 - sun.misc.Unsafe.copyMemory: available
2022-04-16 13:32:40 DEBUG PlatformDependent0:202 - java.nio.Buffer.address: available
2022-04-16 13:32:40 DEBUG PlatformDependent0:285 - direct buffer constructor: unavailable: Reflective setAccessible(true) disabled
2022-04-16 13:32:40 DEBUG PlatformDependent0:350 - java.nio.Bits.unaligned: available, true
2022-04-16 13:32:40 DEBUG PlatformDependent0:417 - jdk.internal.misc.Unsafe.allocateUninitializedArray(int): unavailable: class io.netty.util.internal.PlatformDependent0$6 cannot access class jdk.internal.misc.Unsafe (in module java.base) because module java.base does not export jdk.internal.misc to unnamed module @3c0ecd4b
2022-04-16 13:32:40 DEBUG PlatformDependent0:446 - java.nio.DirectByteBuffer.<init>(long, int): unavailable
2022-04-16 13:32:40 DEBUG PlatformDependent:1103 - sun.misc.Unsafe: available
2022-04-16 13:32:41 DEBUG PlatformDependent:1205 - maxDirectMemory: 1052770304 bytes (maybe)
2022-04-16 13:32:41 DEBUG PlatformDependent:1224 - -Dio.netty.tmpdir: C:\Users\Prashant\AppData\Local\Temp (java.io.tmpdir)
2022-04-16 13:32:41 DEBUG PlatformDependent:1303 - -Dio.netty.bitMode: 64 (sun.arch.data.model)
2022-04-16 13:32:41 DEBUG PlatformDependent:1063 - Platform: Windows
2022-04-16 13:32:41 DEBUG PlatformDependent:178 - -Dio.netty.maxDirectMemory: -1 bytes
2022-04-16 13:32:41 DEBUG PlatformDependent:185 - -Dio.netty.uninitializedArrayAllocationThreshold: -1
2022-04-16 13:32:41 DEBUG CleanerJava9:71 - java.nio.ByteBuffer.cleaner(): available
2022-04-16 13:32:41 DEBUG PlatformDependent:205 - -Dio.netty.noPreferDirect: false
2022-04-16 13:32:41 DEBUG PlatformDependent:967 - org.jctools-core.MpscChunkedArrayQueue: available
2022-04-16 13:32:41 DEBUG InternalThreadLocalMap:83 - -Dio.netty.threadLocalMap.stringBuilder.initialSize: 1024
2022-04-16 13:32:41 DEBUG InternalThreadLocalMap:86 - -Dio.netty.threadLocalMap.stringBuilder.maxSize: 4096
2022-04-16 13:32:41 DEBUG JdkSslContext:97 - Default protocols (JDK): [TLSv1.3, TLSv1.2] 
2022-04-16 13:32:41 DEBUG JdkSslContext:98 - Default cipher suites (JDK): [TLS_ECDHE_ECDSA_WITH_AES_256_GCM_SHA384, TLS_ECDHE_ECDSA_WITH_AES_128_GCM_SHA256, TLS_ECDHE_RSA_WITH_AES_128_GCM_SHA256, TLS_ECDHE_RSA_WITH_AES_256_GCM_SHA384, TLS_ECDHE_RSA_WITH_AES_128_CBC_SHA, TLS_ECDHE_RSA_WITH_AES_256_CBC_SHA, TLS_RSA_WITH_AES_128_GCM_SHA256, TLS_RSA_WITH_AES_128_CBC_SHA, TLS_RSA_WITH_AES_256_CBC_SHA, TLS_AES_128_GCM_SHA256, TLS_AES_256_GCM_SHA384]
2022-04-16 13:32:42 DEBUG MultithreadEventLoopGroup:44 - -Dio.netty.eventLoopThreads: 8
2022-04-16 13:32:42 DEBUG NioEventLoop:106 - -Dio.netty.noKeySetOptimization: false
2022-04-16 13:32:42 DEBUG NioEventLoop:107 - -Dio.netty.selectorAutoRebuildThreshold: 512
2022-04-16 13:32:43 DEBUG PooledByteBufAllocator:155 - -Dio.netty.allocator.numHeapArenas: 8
2022-04-16 13:32:43 DEBUG PooledByteBufAllocator:156 - -Dio.netty.allocator.numDirectArenas: 8
2022-04-16 13:32:43 DEBUG PooledByteBufAllocator:158 - -Dio.netty.allocator.pageSize: 8192
2022-04-16 13:32:43 DEBUG PooledByteBufAllocator:163 - -Dio.netty.allocator.maxOrder: 11
2022-04-16 13:32:43 DEBUG PooledByteBufAllocator:167 - -Dio.netty.allocator.chunkSize: 16777216
2022-04-16 13:32:43 DEBUG PooledByteBufAllocator:168 - -Dio.netty.allocator.smallCacheSize: 256
2022-04-16 13:32:43 DEBUG PooledByteBufAllocator:169 - -Dio.netty.allocator.normalCacheSize: 64
2022-04-16 13:32:43 DEBUG PooledByteBufAllocator:170 - -Dio.netty.allocator.maxCachedBufferCapacity: 32768
2022-04-16 13:32:43 DEBUG PooledByteBufAllocator:171 - -Dio.netty.allocator.cacheTrimInterval: 8192
2022-04-16 13:32:43 DEBUG PooledByteBufAllocator:172 - -Dio.netty.allocator.cacheTrimIntervalMillis: 0
2022-04-16 13:32:43 DEBUG PooledByteBufAllocator:173 - -Dio.netty.allocator.useCacheForAllThreads: true
2022-04-16 13:32:43 DEBUG PooledByteBufAllocator:174 - -Dio.netty.allocator.maxCachedByteBuffersPerChunk: 1023
2022-04-16 13:32:43 DEBUG ByteBufUtil:87 - -Dio.netty.allocator.type: pooled
2022-04-16 13:32:43 DEBUG ByteBufUtil:96 - -Dio.netty.threadLocalDirectBufferSize: 0
2022-04-16 13:32:43 DEBUG ByteBufUtil:99 - -Dio.netty.maxThreadLocalCharBufferSize: 16384
2022-04-16 13:32:49 DEBUG DefaultChannelId:79 - -Dio.netty.processId: 14976 (auto-detected)
2022-04-16 13:32:49 DEBUG NetUtil:135 - -Djava.net.preferIPv4Stack: false
2022-04-16 13:32:49 DEBUG NetUtil:136 - -Djava.net.preferIPv6Addresses: false
2022-04-16 13:32:49 DEBUG NetUtilInitializations:129 - Loopback interface: lo (Software Loopback Interface 1, 127.0.0.1)
2022-04-16 13:32:49 DEBUG NetUtil:187 - Failed to get SOMAXCONN from sysctl and file \proc\sys\net\core\somaxconn. Default: 200
2022-04-16 13:32:49 DEBUG DefaultChannelId:101 - -Dio.netty.machineId: 40:9f:38:ff:fe:64:a8:85 (auto-detected)
2022-04-16 13:32:50 DEBUG AbstractByteBuf:63 - -Dio.netty.buffer.checkAccessible: true
2022-04-16 13:32:50 DEBUG AbstractByteBuf:64 - -Dio.netty.buffer.checkBounds: true
2022-04-16 13:32:50 DEBUG ResourceLeakDetectorFactory:196 - Loaded default ResourceLeakDetector: io.netty.util.ResourceLeakDetector@7fcc4dc9
2022-04-16 13:32:50 DEBUG Recycler:103 - -Dio.netty.recycler.maxCapacityPerThread: 4096
2022-04-16 13:32:50 DEBUG Recycler:104 - -Dio.netty.recycler.maxSharedCapacityFactor: 2
2022-04-16 13:32:50 DEBUG Recycler:105 - -Dio.netty.recycler.linkCapacity: 16
2022-04-16 13:32:50 DEBUG Recycler:106 - -Dio.netty.recycler.ratio: 8
2022-04-16 13:32:50 DEBUG Recycler:107 - -Dio.netty.recycler.delayedQueue.ratio: 8
2022-04-16 13:33:19 DEBUG Brotli:38 - brotli4j not in the classpath; Brotli support will be unavailable.
2022-04-16 13:33:23 DEBUG ThreadLocalRandom:214 - -Dio.netty.initialSeedUniquifier: 0x006194c3b9badf01
2022-04-21 00:16:43 DEBUG InternalLoggerFactory:89 - Using Log4J as the default logging framework
2022-04-21 00:16:43 DEBUG ResourceLeakDetector:129 - -Dio.netty.leakDetection.level: simple
2022-04-21 00:16:43 DEBUG ResourceLeakDetector:130 - -Dio.netty.leakDetection.targetRecords: 4
2022-04-21 00:16:43 DEBUG ResourceLeakDetectorFactory:196 - Loaded default ResourceLeakDetector: io.netty.util.ResourceLeakDetector@5631962
2022-04-21 00:16:43 DEBUG PlatformDependent0:460 - -Dio.netty.noUnsafe: false
2022-04-21 00:16:43 DEBUG PlatformDependent0:954 - Java version: 17
2022-04-21 00:16:43 DEBUG PlatformDependent0:135 - sun.misc.Unsafe.theUnsafe: available
2022-04-21 00:16:43 DEBUG PlatformDependent0:159 - sun.misc.Unsafe.copyMemory: available
2022-04-21 00:16:43 DEBUG PlatformDependent0:202 - java.nio.Buffer.address: available
2022-04-21 00:16:43 DEBUG PlatformDependent0:285 - direct buffer constructor: unavailable: Reflective setAccessible(true) disabled
2022-04-21 00:16:43 DEBUG PlatformDependent0:350 - java.nio.Bits.unaligned: available, true
2022-04-21 00:16:43 DEBUG PlatformDependent0:417 - jdk.internal.misc.Unsafe.allocateUninitializedArray(int): unavailable: class io.netty.util.internal.PlatformDependent0$6 cannot access class jdk.internal.misc.Unsafe (in module java.base) because module java.base does not export jdk.internal.misc to unnamed module @3c0ecd4b
2022-04-21 00:16:43 DEBUG PlatformDependent0:446 - java.nio.DirectByteBuffer.<init>(long, int): unavailable
2022-04-21 00:16:43 DEBUG PlatformDependent:1103 - sun.misc.Unsafe: available
2022-04-21 00:16:44 DEBUG PlatformDependent:1205 - maxDirectMemory: 1052770304 bytes (maybe)
2022-04-21 00:16:44 DEBUG PlatformDependent:1224 - -Dio.netty.tmpdir: C:\Users\Prashant\AppData\Local\Temp (java.io.tmpdir)
2022-04-21 00:16:44 DEBUG PlatformDependent:1303 - -Dio.netty.bitMode: 64 (sun.arch.data.model)
2022-04-21 00:16:44 DEBUG PlatformDependent:1063 - Platform: Windows
2022-04-21 00:16:44 DEBUG PlatformDependent:178 - -Dio.netty.maxDirectMemory: -1 bytes
2022-04-21 00:16:44 DEBUG PlatformDependent:185 - -Dio.netty.uninitializedArrayAllocationThreshold: -1
2022-04-21 00:16:44 DEBUG CleanerJava9:71 - java.nio.ByteBuffer.cleaner(): available
2022-04-21 00:16:44 DEBUG PlatformDependent:205 - -Dio.netty.noPreferDirect: false
2022-04-21 00:16:44 DEBUG PlatformDependent:967 - org.jctools-core.MpscChunkedArrayQueue: available
2022-04-21 00:16:44 DEBUG InternalThreadLocalMap:83 - -Dio.netty.threadLocalMap.stringBuilder.initialSize: 1024
2022-04-21 00:16:44 DEBUG InternalThreadLocalMap:86 - -Dio.netty.threadLocalMap.stringBuilder.maxSize: 4096
2022-04-21 00:16:44 DEBUG JdkSslContext:97 - Default protocols (JDK): [TLSv1.3, TLSv1.2] 
2022-04-21 00:16:44 DEBUG JdkSslContext:98 - Default cipher suites (JDK): [TLS_ECDHE_ECDSA_WITH_AES_256_GCM_SHA384, TLS_ECDHE_ECDSA_WITH_AES_128_GCM_SHA256, TLS_ECDHE_RSA_WITH_AES_128_GCM_SHA256, TLS_ECDHE_RSA_WITH_AES_256_GCM_SHA384, TLS_ECDHE_RSA_WITH_AES_128_CBC_SHA, TLS_ECDHE_RSA_WITH_AES_256_CBC_SHA, TLS_RSA_WITH_AES_128_GCM_SHA256, TLS_RSA_WITH_AES_128_CBC_SHA, TLS_RSA_WITH_AES_256_CBC_SHA, TLS_AES_128_GCM_SHA256, TLS_AES_256_GCM_SHA384]
2022-04-21 00:16:44 DEBUG MultithreadEventLoopGroup:44 - -Dio.netty.eventLoopThreads: 8
2022-04-21 00:16:44 DEBUG NioEventLoop:106 - -Dio.netty.noKeySetOptimization: false
2022-04-21 00:16:44 DEBUG NioEventLoop:107 - -Dio.netty.selectorAutoRebuildThreshold: 512
2022-04-21 00:16:45 DEBUG PooledByteBufAllocator:155 - -Dio.netty.allocator.numHeapArenas: 8
2022-04-21 00:16:45 DEBUG PooledByteBufAllocator:156 - -Dio.netty.allocator.numDirectArenas: 8
2022-04-21 00:16:45 DEBUG PooledByteBufAllocator:158 - -Dio.netty.allocator.pageSize: 8192
2022-04-21 00:16:45 DEBUG PooledByteBufAllocator:163 - -Dio.netty.allocator.maxOrder: 11
2022-04-21 00:16:45 DEBUG PooledByteBufAllocator:167 - -Dio.netty.allocator.chunkSize: 16777216
2022-04-21 00:16:45 DEBUG PooledByteBufAllocator:168 - -Dio.netty.allocator.smallCacheSize: 256
2022-04-21 00:16:45 DEBUG PooledByteBufAllocator:169 - -Dio.netty.allocator.normalCacheSize: 64
2022-04-21 00:16:45 DEBUG PooledByteBufAllocator:170 - -Dio.netty.allocator.maxCachedBufferCapacity: 32768
2022-04-21 00:16:45 DEBUG PooledByteBufAllocator:171 - -Dio.netty.allocator.cacheTrimInterval: 8192
2022-04-21 00:16:45 DEBUG PooledByteBufAllocator:172 - -Dio.netty.allocator.cacheTrimIntervalMillis: 0
2022-04-21 00:16:45 DEBUG PooledByteBufAllocator:173 - -Dio.netty.allocator.useCacheForAllThreads: true
2022-04-21 00:16:45 DEBUG PooledByteBufAllocator:174 - -Dio.netty.allocator.maxCachedByteBuffersPerChunk: 1023
2022-04-21 00:16:45 DEBUG ByteBufUtil:87 - -Dio.netty.allocator.type: pooled
2022-04-21 00:16:45 DEBUG ByteBufUtil:96 - -Dio.netty.threadLocalDirectBufferSize: 0
2022-04-21 00:16:45 DEBUG ByteBufUtil:99 - -Dio.netty.maxThreadLocalCharBufferSize: 16384
2022-04-21 00:16:52 DEBUG DefaultChannelId:79 - -Dio.netty.processId: 9104 (auto-detected)
2022-04-21 00:16:52 DEBUG NetUtil:135 - -Djava.net.preferIPv4Stack: false
2022-04-21 00:16:52 DEBUG NetUtil:136 - -Djava.net.preferIPv6Addresses: false
2022-04-21 00:16:52 DEBUG NetUtilInitializations:129 - Loopback interface: lo (Software Loopback Interface 1, 127.0.0.1)
2022-04-21 00:16:52 DEBUG NetUtil:187 - Failed to get SOMAXCONN from sysctl and file \proc\sys\net\core\somaxconn. Default: 200
2022-04-21 00:16:52 DEBUG DefaultChannelId:101 - -Dio.netty.machineId: 40:9f:38:ff:fe:64:a8:85 (auto-detected)
2022-04-21 00:16:53 DEBUG AbstractByteBuf:63 - -Dio.netty.buffer.checkAccessible: true
2022-04-21 00:16:53 DEBUG AbstractByteBuf:64 - -Dio.netty.buffer.checkBounds: true
2022-04-21 00:16:53 DEBUG ResourceLeakDetectorFactory:196 - Loaded default ResourceLeakDetector: io.netty.util.ResourceLeakDetector@6d9421ea
2022-04-21 00:16:53 DEBUG Recycler:103 - -Dio.netty.recycler.maxCapacityPerThread: 4096
2022-04-21 00:16:53 DEBUG Recycler:104 - -Dio.netty.recycler.maxSharedCapacityFactor: 2
2022-04-21 00:16:53 DEBUG Recycler:105 - -Dio.netty.recycler.linkCapacity: 16
2022-04-21 00:16:53 DEBUG Recycler:106 - -Dio.netty.recycler.ratio: 8
2022-04-21 00:16:53 DEBUG Recycler:107 - -Dio.netty.recycler.delayedQueue.ratio: 8
2022-04-21 00:17:09 DEBUG Brotli:38 - brotli4j not in the classpath; Brotli support will be unavailable.
2022-04-21 00:17:10 DEBUG ThreadLocalRandom:214 - -Dio.netty.initialSeedUniquifier: 0xebc7f9c537cc90a0
2022-04-21 00:18:56 DEBUG InternalLoggerFactory:89 - Using Log4J as the default logging framework
2022-04-21 00:18:56 DEBUG ResourceLeakDetector:129 - -Dio.netty.leakDetection.level: simple
2022-04-21 00:18:56 DEBUG ResourceLeakDetector:130 - -Dio.netty.leakDetection.targetRecords: 4
2022-04-21 00:18:56 DEBUG ResourceLeakDetectorFactory:196 - Loaded default ResourceLeakDetector: io.netty.util.ResourceLeakDetector@347bdeef
2022-04-21 00:18:57 DEBUG PlatformDependent0:460 - -Dio.netty.noUnsafe: false
2022-04-21 00:18:57 DEBUG PlatformDependent0:954 - Java version: 17
2022-04-21 00:18:57 DEBUG PlatformDependent0:135 - sun.misc.Unsafe.theUnsafe: available
2022-04-21 00:18:57 DEBUG PlatformDependent0:159 - sun.misc.Unsafe.copyMemory: available
2022-04-21 00:18:57 DEBUG PlatformDependent0:202 - java.nio.Buffer.address: available
2022-04-21 00:18:57 DEBUG PlatformDependent0:285 - direct buffer constructor: unavailable: Reflective setAccessible(true) disabled
2022-04-21 00:18:57 DEBUG PlatformDependent0:350 - java.nio.Bits.unaligned: available, true
2022-04-21 00:18:57 DEBUG PlatformDependent0:417 - jdk.internal.misc.Unsafe.allocateUninitializedArray(int): unavailable: class io.netty.util.internal.PlatformDependent0$6 cannot access class jdk.internal.misc.Unsafe (in module java.base) because module java.base does not export jdk.internal.misc to unnamed module @3c0ecd4b
2022-04-21 00:18:57 DEBUG PlatformDependent0:446 - java.nio.DirectByteBuffer.<init>(long, int): unavailable
2022-04-21 00:18:57 DEBUG PlatformDependent:1103 - sun.misc.Unsafe: available
2022-04-21 00:18:57 DEBUG PlatformDependent:1205 - maxDirectMemory: 1052770304 bytes (maybe)
2022-04-21 00:18:57 DEBUG PlatformDependent:1224 - -Dio.netty.tmpdir: C:\Users\Prashant\AppData\Local\Temp (java.io.tmpdir)
2022-04-21 00:18:57 DEBUG PlatformDependent:1303 - -Dio.netty.bitMode: 64 (sun.arch.data.model)
2022-04-21 00:18:57 DEBUG PlatformDependent:1063 - Platform: Windows
2022-04-21 00:18:57 DEBUG PlatformDependent:178 - -Dio.netty.maxDirectMemory: -1 bytes
2022-04-21 00:18:57 DEBUG PlatformDependent:185 - -Dio.netty.uninitializedArrayAllocationThreshold: -1
2022-04-21 00:18:57 DEBUG CleanerJava9:71 - java.nio.ByteBuffer.cleaner(): available
2022-04-21 00:18:57 DEBUG PlatformDependent:205 - -Dio.netty.noPreferDirect: false
2022-04-21 00:18:57 DEBUG PlatformDependent:967 - org.jctools-core.MpscChunkedArrayQueue: available
2022-04-21 00:18:57 DEBUG InternalThreadLocalMap:83 - -Dio.netty.threadLocalMap.stringBuilder.initialSize: 1024
2022-04-21 00:18:57 DEBUG InternalThreadLocalMap:86 - -Dio.netty.threadLocalMap.stringBuilder.maxSize: 4096
2022-04-21 00:18:57 DEBUG JdkSslContext:97 - Default protocols (JDK): [TLSv1.3, TLSv1.2] 
2022-04-21 00:18:57 DEBUG JdkSslContext:98 - Default cipher suites (JDK): [TLS_ECDHE_ECDSA_WITH_AES_256_GCM_SHA384, TLS_ECDHE_ECDSA_WITH_AES_128_GCM_SHA256, TLS_ECDHE_RSA_WITH_AES_128_GCM_SHA256, TLS_ECDHE_RSA_WITH_AES_256_GCM_SHA384, TLS_ECDHE_RSA_WITH_AES_128_CBC_SHA, TLS_ECDHE_RSA_WITH_AES_256_CBC_SHA, TLS_RSA_WITH_AES_128_GCM_SHA256, TLS_RSA_WITH_AES_128_CBC_SHA, TLS_RSA_WITH_AES_256_CBC_SHA, TLS_AES_128_GCM_SHA256, TLS_AES_256_GCM_SHA384]
2022-04-21 00:18:57 DEBUG MultithreadEventLoopGroup:44 - -Dio.netty.eventLoopThreads: 8
2022-04-21 00:18:57 DEBUG NioEventLoop:106 - -Dio.netty.noKeySetOptimization: false
2022-04-21 00:18:57 DEBUG NioEventLoop:107 - -Dio.netty.selectorAutoRebuildThreshold: 512
2022-04-21 00:18:58 DEBUG PooledByteBufAllocator:155 - -Dio.netty.allocator.numHeapArenas: 8
2022-04-21 00:18:58 DEBUG PooledByteBufAllocator:156 - -Dio.netty.allocator.numDirectArenas: 8
2022-04-21 00:18:58 DEBUG PooledByteBufAllocator:158 - -Dio.netty.allocator.pageSize: 8192
2022-04-21 00:18:58 DEBUG PooledByteBufAllocator:163 - -Dio.netty.allocator.maxOrder: 11
2022-04-21 00:18:58 DEBUG PooledByteBufAllocator:167 - -Dio.netty.allocator.chunkSize: 16777216
2022-04-21 00:18:58 DEBUG PooledByteBufAllocator:168 - -Dio.netty.allocator.smallCacheSize: 256
2022-04-21 00:18:58 DEBUG PooledByteBufAllocator:169 - -Dio.netty.allocator.normalCacheSize: 64
2022-04-21 00:18:58 DEBUG PooledByteBufAllocator:170 - -Dio.netty.allocator.maxCachedBufferCapacity: 32768
2022-04-21 00:18:58 DEBUG PooledByteBufAllocator:171 - -Dio.netty.allocator.cacheTrimInterval: 8192
2022-04-21 00:18:58 DEBUG PooledByteBufAllocator:172 - -Dio.netty.allocator.cacheTrimIntervalMillis: 0
2022-04-21 00:18:58 DEBUG PooledByteBufAllocator:173 - -Dio.netty.allocator.useCacheForAllThreads: true
2022-04-21 00:18:58 DEBUG PooledByteBufAllocator:174 - -Dio.netty.allocator.maxCachedByteBuffersPerChunk: 1023
2022-04-21 00:18:58 DEBUG ByteBufUtil:87 - -Dio.netty.allocator.type: pooled
2022-04-21 00:18:58 DEBUG ByteBufUtil:96 - -Dio.netty.threadLocalDirectBufferSize: 0
2022-04-21 00:18:58 DEBUG ByteBufUtil:99 - -Dio.netty.maxThreadLocalCharBufferSize: 16384
2022-04-21 00:19:01 DEBUG DefaultChannelId:79 - -Dio.netty.processId: 5052 (auto-detected)
2022-04-21 00:19:01 DEBUG NetUtil:135 - -Djava.net.preferIPv4Stack: false
2022-04-21 00:19:01 DEBUG NetUtil:136 - -Djava.net.preferIPv6Addresses: false
2022-04-21 00:19:01 DEBUG NetUtilInitializations:129 - Loopback interface: lo (Software Loopback Interface 1, 127.0.0.1)
2022-04-21 00:19:01 DEBUG NetUtil:187 - Failed to get SOMAXCONN from sysctl and file \proc\sys\net\core\somaxconn. Default: 200
2022-04-21 00:19:01 DEBUG DefaultChannelId:101 - -Dio.netty.machineId: 40:9f:38:ff:fe:64:a8:85 (auto-detected)
2022-04-21 00:19:01 DEBUG AbstractByteBuf:63 - -Dio.netty.buffer.checkAccessible: true
2022-04-21 00:19:01 DEBUG AbstractByteBuf:64 - -Dio.netty.buffer.checkBounds: true
2022-04-21 00:19:01 DEBUG ResourceLeakDetectorFactory:196 - Loaded default ResourceLeakDetector: io.netty.util.ResourceLeakDetector@1ce30a8f
2022-04-21 00:19:01 DEBUG Recycler:103 - -Dio.netty.recycler.maxCapacityPerThread: 4096
2022-04-21 00:19:01 DEBUG Recycler:104 - -Dio.netty.recycler.maxSharedCapacityFactor: 2
2022-04-21 00:19:01 DEBUG Recycler:105 - -Dio.netty.recycler.linkCapacity: 16
2022-04-21 00:19:01 DEBUG Recycler:106 - -Dio.netty.recycler.ratio: 8
2022-04-21 00:19:01 DEBUG Recycler:107 - -Dio.netty.recycler.delayedQueue.ratio: 8
2022-04-21 00:19:08 DEBUG Brotli:38 - brotli4j not in the classpath; Brotli support will be unavailable.
2022-04-21 00:19:10 DEBUG ThreadLocalRandom:214 - -Dio.netty.initialSeedUniquifier: 0x0b8d7f4f161ebce6
2022-04-24 14:24:00 DEBUG InternalLoggerFactory:89 - Using Log4J as the default logging framework
2022-04-24 14:24:00 DEBUG ResourceLeakDetector:129 - -Dio.netty.leakDetection.level: simple
2022-04-24 14:24:00 DEBUG ResourceLeakDetector:130 - -Dio.netty.leakDetection.targetRecords: 4
2022-04-24 14:24:00 DEBUG ResourceLeakDetectorFactory:196 - Loaded default ResourceLeakDetector: io.netty.util.ResourceLeakDetector@1144a55a
2022-04-24 14:24:01 DEBUG PlatformDependent0:460 - -Dio.netty.noUnsafe: false
2022-04-24 14:24:01 DEBUG PlatformDependent0:954 - Java version: 18
2022-04-24 14:24:01 DEBUG PlatformDependent0:135 - sun.misc.Unsafe.theUnsafe: available
2022-04-24 14:24:01 DEBUG PlatformDependent0:159 - sun.misc.Unsafe.copyMemory: available
2022-04-24 14:24:01 DEBUG PlatformDependent0:202 - java.nio.Buffer.address: available
2022-04-24 14:24:01 DEBUG PlatformDependent0:285 - direct buffer constructor: unavailable: Reflective setAccessible(true) disabled
2022-04-24 14:24:01 DEBUG PlatformDependent0:350 - java.nio.Bits.unaligned: available, true
2022-04-24 14:24:01 DEBUG PlatformDependent0:417 - jdk.internal.misc.Unsafe.allocateUninitializedArray(int): unavailable: class io.netty.util.internal.PlatformDependent0$6 cannot access class jdk.internal.misc.Unsafe (in module java.base) because module java.base does not export jdk.internal.misc to unnamed module @33833882
2022-04-24 14:24:01 DEBUG PlatformDependent0:446 - java.nio.DirectByteBuffer.<init>(long, int): unavailable
2022-04-24 14:24:01 DEBUG PlatformDependent:1103 - sun.misc.Unsafe: available
2022-04-24 14:24:03 DEBUG PlatformDependent:1205 - maxDirectMemory: 1052770304 bytes (maybe)
2022-04-24 14:24:03 DEBUG PlatformDependent:1224 - -Dio.netty.tmpdir: C:\Users\kulth\AppData\Local\Temp (java.io.tmpdir)
2022-04-24 14:24:03 DEBUG PlatformDependent:1303 - -Dio.netty.bitMode: 64 (sun.arch.data.model)
2022-04-24 14:24:03 DEBUG PlatformDependent:1063 - Platform: Windows
2022-04-24 14:24:03 DEBUG PlatformDependent:178 - -Dio.netty.maxDirectMemory: -1 bytes
2022-04-24 14:24:03 DEBUG PlatformDependent:185 - -Dio.netty.uninitializedArrayAllocationThreshold: -1
2022-04-24 14:24:03 DEBUG CleanerJava9:71 - java.nio.ByteBuffer.cleaner(): available
2022-04-24 14:24:03 DEBUG PlatformDependent:205 - -Dio.netty.noPreferDirect: false
2022-04-24 14:24:03 DEBUG PlatformDependent:967 - org.jctools-core.MpscChunkedArrayQueue: available
2022-04-24 14:24:04 DEBUG InternalThreadLocalMap:83 - -Dio.netty.threadLocalMap.stringBuilder.initialSize: 1024
2022-04-24 14:24:04 DEBUG InternalThreadLocalMap:86 - -Dio.netty.threadLocalMap.stringBuilder.maxSize: 4096
2022-04-24 14:24:04 DEBUG JdkSslContext:97 - Default protocols (JDK): [TLSv1.3, TLSv1.2] 
2022-04-24 14:24:04 DEBUG JdkSslContext:98 - Default cipher suites (JDK): [TLS_ECDHE_ECDSA_WITH_AES_256_GCM_SHA384, TLS_ECDHE_ECDSA_WITH_AES_128_GCM_SHA256, TLS_ECDHE_RSA_WITH_AES_128_GCM_SHA256, TLS_ECDHE_RSA_WITH_AES_256_GCM_SHA384, TLS_ECDHE_RSA_WITH_AES_128_CBC_SHA, TLS_ECDHE_RSA_WITH_AES_256_CBC_SHA, TLS_RSA_WITH_AES_128_GCM_SHA256, TLS_RSA_WITH_AES_128_CBC_SHA, TLS_RSA_WITH_AES_256_CBC_SHA, TLS_AES_128_GCM_SHA256, TLS_AES_256_GCM_SHA384]
2022-04-24 14:24:04 DEBUG MultithreadEventLoopGroup:44 - -Dio.netty.eventLoopThreads: 8
2022-04-24 14:24:04 DEBUG NioEventLoop:106 - -Dio.netty.noKeySetOptimization: false
2022-04-24 14:24:04 DEBUG NioEventLoop:107 - -Dio.netty.selectorAutoRebuildThreshold: 512
2022-04-24 14:24:04 DEBUG PooledByteBufAllocator:155 - -Dio.netty.allocator.numHeapArenas: 8
2022-04-24 14:24:04 DEBUG PooledByteBufAllocator:156 - -Dio.netty.allocator.numDirectArenas: 8
2022-04-24 14:24:04 DEBUG PooledByteBufAllocator:158 - -Dio.netty.allocator.pageSize: 8192
2022-04-24 14:24:04 DEBUG PooledByteBufAllocator:163 - -Dio.netty.allocator.maxOrder: 11
2022-04-24 14:24:04 DEBUG PooledByteBufAllocator:167 - -Dio.netty.allocator.chunkSize: 16777216
2022-04-24 14:24:04 DEBUG PooledByteBufAllocator:168 - -Dio.netty.allocator.smallCacheSize: 256
2022-04-24 14:24:04 DEBUG PooledByteBufAllocator:169 - -Dio.netty.allocator.normalCacheSize: 64
2022-04-24 14:24:04 DEBUG PooledByteBufAllocator:170 - -Dio.netty.allocator.maxCachedBufferCapacity: 32768
2022-04-24 14:24:04 DEBUG PooledByteBufAllocator:171 - -Dio.netty.allocator.cacheTrimInterval: 8192
2022-04-24 14:24:04 DEBUG PooledByteBufAllocator:172 - -Dio.netty.allocator.cacheTrimIntervalMillis: 0
2022-04-24 14:24:04 DEBUG PooledByteBufAllocator:173 - -Dio.netty.allocator.useCacheForAllThreads: true
2022-04-24 14:24:04 DEBUG PooledByteBufAllocator:174 - -Dio.netty.allocator.maxCachedByteBuffersPerChunk: 1023
2022-04-24 14:24:05 DEBUG ByteBufUtil:87 - -Dio.netty.allocator.type: pooled
2022-04-24 14:24:05 DEBUG ByteBufUtil:96 - -Dio.netty.threadLocalDirectBufferSize: 0
2022-04-24 14:24:05 DEBUG ByteBufUtil:99 - -Dio.netty.maxThreadLocalCharBufferSize: 16384
2022-04-24 14:24:39 DEBUG DefaultChannelId:79 - -Dio.netty.processId: 6080 (auto-detected)
2022-04-24 14:24:39 DEBUG NetUtil:135 - -Djava.net.preferIPv4Stack: false
2022-04-24 14:24:39 DEBUG NetUtil:136 - -Djava.net.preferIPv6Addresses: false
2022-04-24 14:24:39 DEBUG NetUtilInitializations:129 - Loopback interface: lo (Software Loopback Interface 1, 127.0.0.1)
2022-04-24 14:24:39 DEBUG NetUtil:187 - Failed to get SOMAXCONN from sysctl and file \proc\sys\net\core\somaxconn. Default: 200
2022-04-24 14:24:39 DEBUG DefaultChannelId:101 - -Dio.netty.machineId: 48:ba:4e:ff:fe:20:55:8c (auto-detected)
2022-04-24 14:24:40 DEBUG AbstractByteBuf:63 - -Dio.netty.buffer.checkAccessible: true
2022-04-24 14:24:40 DEBUG AbstractByteBuf:64 - -Dio.netty.buffer.checkBounds: true
2022-04-24 14:24:40 DEBUG ResourceLeakDetectorFactory:196 - Loaded default ResourceLeakDetector: io.netty.util.ResourceLeakDetector@2a95abf6
2022-04-24 14:24:41 DEBUG Recycler:103 - -Dio.netty.recycler.maxCapacityPerThread: 4096
2022-04-24 14:24:41 DEBUG Recycler:104 - -Dio.netty.recycler.maxSharedCapacityFactor: 2
2022-04-24 14:24:41 DEBUG Recycler:105 - -Dio.netty.recycler.linkCapacity: 16
2022-04-24 14:24:41 DEBUG Recycler:106 - -Dio.netty.recycler.ratio: 8
2022-04-24 14:24:41 DEBUG Recycler:107 - -Dio.netty.recycler.delayedQueue.ratio: 8
2022-04-24 14:25:13 DEBUG Brotli:38 - brotli4j not in the classpath; Brotli support will be unavailable.
2022-04-24 14:25:17 DEBUG ThreadLocalRandom:214 - -Dio.netty.initialSeedUniquifier: 0x47421f2fad9ad876
